18/03/2022, 1:01:45 - INFO - Server is running on port: 3030
18/03/2022, 1:02:24 - ERROR - Failed to get toys | {}
18/03/2022, 1:03:12 - INFO - Server is running on port: 3030
18/03/2022, 1:03:16 - ERROR - Failed to get toys | {}
18/03/2022, 1:03:25 - INFO - Server is running on port: 3030
18/03/2022, 1:03:27 - ERROR - Failed to get toys | {}
18/03/2022, 1:03:47 - INFO - Server is running on port: 3030
18/03/2022, 1:04:03 - INFO - Server is running on port: 3030
18/03/2022, 1:11:04 - INFO - Server is running on port: 3030
18/03/2022, 1:11:59 - INFO - Server is running on port: 3030
18/03/2022, 1:12:07 - INFO - Server is running on port: 3030
18/03/2022, 1:12:53 - INFO - Server is running on port: 3030
18/03/2022, 1:12:58 - INFO - Server is running on port: 3030
18/03/2022, 1:21:37 - INFO - Server is running on port: 3030
18/03/2022, 1:22:51 - INFO - Server is running on port: 3030
18/03/2022, 1:24:18 - INFO - Server is running on port: 3030
18/03/2022, 1:24:24 - INFO - Server is running on port: 3030
18/03/2022, 1:25:06 - INFO - Server is running on port: 3030
18/03/2022, 1:26:09 - INFO - Server is running on port: 3030
18/03/2022, 1:29:45 - INFO - Server is running on port: 3030
18/03/2022, 1:30:08 - INFO - Server is running on port: 3030
18/03/2022, 1:30:31 - INFO - Server is running on port: 3030
18/03/2022, 1:30:39 - INFO - Server is running on port: 3030
18/03/2022, 1:31:54 - INFO - Server is running on port: 3030
18/03/2022, 1:34:13 - INFO - Server is running on port: 3030
18/03/2022, 1:34:16 - INFO - Server is running on port: 3030
18/03/2022, 1:34:18 - INFO - Server is running on port: 3030
18/03/2022, 1:34:31 - INFO - Server is running on port: 3030
18/03/2022, 1:34:38 - INFO - Server is running on port: 3030
18/03/2022, 1:35:55 - INFO - Server is running on port: 3030
18/03/2022, 1:36:20 - INFO - Server is running on port: 3030
18/03/2022, 1:37:09 - INFO - Server is running on port: 3030
18/03/2022, 1:39:59 - INFO - Server is running on port: 3030
18/03/2022, 1:40:28 - INFO - Server is running on port: 3030
18/03/2022, 1:40:48 - INFO - Server is running on port: 3030
18/03/2022, 1:41:23 - INFO - Server is running on port: 3030
18/03/2022, 1:44:14 - INFO - Server is running on port: 3030
18/03/2022, 1:46:32 - INFO - Server is running on port: 3030
18/03/2022, 1:47:23 - INFO - Server is running on port: 3030
18/03/2022, 1:48:24 - INFO - Server is running on port: 3030
18/03/2022, 1:48:38 - INFO - Server is running on port: 3030
18/03/2022, 1:48:58 - INFO - Server is running on port: 3030
18/03/2022, 1:49:21 - INFO - Server is running on port: 3030
18/03/2022, 1:49:43 - INFO - Server is running on port: 3030
18/03/2022, 12:13:14 - INFO - Server is running on port: 3030
18/03/2022, 12:40:03 - INFO - Server is running on port: 3030
18/03/2022, 12:41:06 - INFO - Server is running on port: 3030
18/03/2022, 12:41:11 - INFO - Server is running on port: 3030
18/03/2022, 12:41:22 - INFO - Server is running on port: 3030
18/03/2022, 12:41:27 - INFO - Server is running on port: 3030
18/03/2022, 12:41:30 - INFO - Server is running on port: 3030
18/03/2022, 12:41:39 - INFO - Server is running on port: 3030
18/03/2022, 12:41:45 - INFO - Server is running on port: 3030
18/03/2022, 12:41:57 - INFO - Server is running on port: 3030
18/03/2022, 12:42:18 - INFO - Server is running on port: 3030
18/03/2022, 12:42:21 - INFO - Server is running on port: 3030
18/03/2022, 12:42:31 - INFO - Server is running on port: 3030
18/03/2022, 12:42:38 - INFO - Server is running on port: 3030
18/03/2022, 12:42:56 - INFO - Server is running on port: 3030
18/03/2022, 12:43:03 - INFO - Server is running on port: 3030
18/03/2022, 12:43:12 - INFO - Server is running on port: 3030
18/03/2022, 12:43:41 - INFO - Server is running on port: 3030
18/03/2022, 12:43:45 - INFO - Server is running on port: 3030
18/03/2022, 12:43:48 - INFO - Server is running on port: 3030
18/03/2022, 12:44:02 - INFO - Server is running on port: 3030
18/03/2022, 12:44:05 - INFO - Server is running on port: 3030
18/03/2022, 12:44:20 - INFO - Server is running on port: 3030
18/03/2022, 12:44:23 - INFO - Server is running on port: 3030
18/03/2022, 12:44:46 - INFO - Server is running on port: 3030
18/03/2022, 12:44:47 - INFO - Server is running on port: 3030
18/03/2022, 12:44:57 - INFO - Server is running on port: 3030
18/03/2022, 12:45:03 - INFO - Server is running on port: 3030
18/03/2022, 12:48:19 - INFO - Server is running on port: 3030
18/03/2022, 12:48:20 - INFO - Server is running on port: 3030
18/03/2022, 12:49:14 - INFO - Server is running on port: 3030
18/03/2022, 12:52:21 - INFO - Server is running on port: 3030
18/03/2022, 12:52:27 - INFO - Server is running on port: 3030
18/03/2022, 12:55:03 - INFO - Server is running on port: 3030
18/03/2022, 13:05:35 - INFO - Server is running on port: 3030
18/03/2022, 13:10:37 - ERROR - cannot find toys | {}
18/03/2022, 13:10:37 - ERROR - Failed to get toys | {}
18/03/2022, 13:10:45 - ERROR - cannot find toys | {}
18/03/2022, 13:10:45 - ERROR - Failed to get toys | {}
18/03/2022, 13:10:53 - ERROR - cannot find toys | {}
18/03/2022, 13:10:53 - ERROR - Failed to get toys | {}
18/03/2022, 13:11:35 - ERROR - cannot find toys | {}
18/03/2022, 13:11:35 - ERROR - Failed to get toys | {}
18/03/2022, 13:11:38 - ERROR - cannot find toys | {}
18/03/2022, 13:11:38 - ERROR - Failed to get toys | {}
18/03/2022, 13:11:40 - ERROR - cannot find toys | {}
18/03/2022, 13:11:40 - ERROR - Failed to get toys | {}
18/03/2022, 13:11:40 - ERROR - cannot find toys | {}
18/03/2022, 13:11:40 - ERROR - Failed to get toys | {}
18/03/2022, 13:12:42 - ERROR - cannot find toys | {}
18/03/2022, 13:12:42 - ERROR - Failed to get toys | {}
18/03/2022, 13:12:42 - ERROR - cannot find toys | {}
18/03/2022, 13:12:42 - ERROR - Failed to get toys | {}
18/03/2022, 13:12:49 - ERROR - cannot find toys | {}
18/03/2022, 13:12:49 - ERROR - Failed to get toys | {}
18/03/2022, 13:12:49 - ERROR - cannot find toys | {}
18/03/2022, 13:12:49 - ERROR - Failed to get toys | {}
18/03/2022, 13:13:12 - INFO - Server is running on port: 3030
18/03/2022, 13:13:16 - ERROR - cannot find toys | {}
18/03/2022, 13:13:16 - ERROR - Failed to get toys | {}
18/03/2022, 13:13:16 - ERROR - cannot find toys | {}
18/03/2022, 13:13:16 - ERROR - Failed to get toys | {}
18/03/2022, 13:13:27 - INFO - Server is running on port: 3030
18/03/2022, 13:13:30 - ERROR - cannot find toys | {}
18/03/2022, 13:13:30 - ERROR - Failed to get toys | {}
18/03/2022, 13:13:30 - ERROR - cannot find toys | {}
18/03/2022, 13:13:30 - ERROR - Failed to get toys | {}
18/03/2022, 13:13:36 - INFO - Server is running on port: 3030
18/03/2022, 13:13:39 - ERROR - cannot find toys | {}
18/03/2022, 13:13:39 - ERROR - Failed to get toys | {}
18/03/2022, 13:13:39 - ERROR - cannot find toys | {}
18/03/2022, 13:13:39 - ERROR - Failed to get toys | {}
18/03/2022, 13:13:42 - INFO - Server is running on port: 3030
18/03/2022, 13:13:44 - ERROR - cannot find toys | {}
18/03/2022, 13:13:44 - ERROR - Failed to get toys | {}
18/03/2022, 13:13:44 - ERROR - cannot find toys | {}
18/03/2022, 13:13:44 - ERROR - Failed to get toys | {}
18/03/2022, 13:14:16 - INFO - Server is running on port: 3030
18/03/2022, 13:14:19 - ERROR - cannot find toys | {}
18/03/2022, 13:14:19 - ERROR - Failed to get toys | {}
18/03/2022, 13:14:19 - ERROR - cannot find toys | {}
18/03/2022, 13:14:19 - ERROR - Failed to get toys | {}
18/03/2022, 13:14:53 - INFO - Server is running on port: 3030
18/03/2022, 13:14:55 - ERROR - cannot find toys | {}
18/03/2022, 13:14:55 - ERROR - Failed to get toys | {}
18/03/2022, 13:14:55 - ERROR - cannot find toys | {}
18/03/2022, 13:14:55 - ERROR - Failed to get toys | {}
18/03/2022, 13:15:04 - INFO - Server is running on port: 3030
18/03/2022, 13:15:10 - ERROR - cannot find toys | {}
18/03/2022, 13:15:10 - ERROR - Failed to get toys | {}
18/03/2022, 13:15:10 - ERROR - cannot find toys | {}
18/03/2022, 13:15:10 - ERROR - Failed to get toys | {}
18/03/2022, 13:15:30 - INFO - Server is running on port: 3030
18/03/2022, 13:15:32 - ERROR - cannot find toys | {}
18/03/2022, 13:15:32 - ERROR - Failed to get toys | {}
18/03/2022, 13:15:32 - ERROR - cannot find toys | {}
18/03/2022, 13:15:32 - ERROR - Failed to get toys | {}
18/03/2022, 13:15:41 - INFO - Server is running on port: 3030
18/03/2022, 13:16:08 - INFO - Server is running on port: 3030
18/03/2022, 13:16:12 - INFO - Server is running on port: 3030
18/03/2022, 13:16:17 - INFO - Server is running on port: 3030
18/03/2022, 13:16:35 - INFO - Server is running on port: 3030
18/03/2022, 13:17:07 - INFO - Server is running on port: 3030
18/03/2022, 13:17:09 - INFO - Server is running on port: 3030
18/03/2022, 13:44:16 - INFO - Server is running on port: 3030
18/03/2022, 13:44:19 - DEBUG - auth.service - login with username: avior
18/03/2022, 13:44:31 - INFO - Req from: avior kahalani
18/03/2022, 13:47:42 - DEBUG - auth.service - login with username: avior
18/03/2022, 13:47:54 - DEBUG - auth.service - login with username: toni
18/03/2022, 13:47:54 - ERROR - Failed to Login Invalid username or password
18/03/2022, 13:47:55 - INFO - Req from: avior kahalani
18/03/2022, 13:49:51 - INFO - Req from: avior kahalani
18/03/2022, 13:50:27 - DEBUG - auth.service - signup with username: lala, fullname: lala
18/03/2022, 13:50:27 - DEBUG - auth.route - new account created: {"username":"lala","password":"$2b$10$OygLTHgYcZPnWJSaFnq5/em2SePwQLZnU.toSVdZyBvtfrePFkihu","fullname":"lala","isAdmin":false,"_id":"62347203763f78ecbbbd401d"}
18/03/2022, 13:50:27 - DEBUG - auth.service - login with username: lala
18/03/2022, 13:50:56 - INFO - Req from: lala
18/03/2022, 13:51:03 - DEBUG - auth.service - signup with username: avior, fullname: avior kahalani
18/03/2022, 13:51:03 - DEBUG - auth.route - new account created: {"username":"avior","password":"$2b$10$YtxUDJJeMIkT.S6.0w3vNef5M3Mu/tlNufdq2jInCj.2AWW170kW6","fullname":"avior kahalani","isAdmin":false,"_id":"62347227763f78ecbbbd401e"}
18/03/2022, 13:51:03 - DEBUG - auth.service - login with username: avior
18/03/2022, 13:51:23 - INFO - Req from: avior kahalani
18/03/2022, 13:51:29 - DEBUG - auth.service - login with username: avior
18/03/2022, 13:51:46 - DEBUG - auth.service - signup with username: puki, fullname: puki ben david
18/03/2022, 13:51:46 - DEBUG - auth.route - new account created: {"username":"puki","password":"$2b$10$RtMG4VI8BnOQKkkW4uG1e.YrtqS3dbIs.nTm6NXzax3qBZCr1uNJ2","fullname":"puki ben david","isAdmin":false,"_id":"62347252763f78ecbbbd401f"}
18/03/2022, 13:51:46 - DEBUG - auth.service - login with username: puki
18/03/2022, 13:52:00 - INFO - Req from: puki ben david
18/03/2022, 13:52:15 - INFO - Req from: puki ben david
18/03/2022, 13:52:47 - INFO - Req from: puki ben david
18/03/2022, 13:52:47 - INFO - Req from: puki ben david
18/03/2022, 13:52:51 - INFO - Req from: puki ben david
18/03/2022, 13:52:51 - INFO - Req from: puki ben david
19/03/2022, 19:18:07 - INFO - Server is running on port: 3030
19/03/2022, 19:20:55 - DEBUG - auth.service - login with username: avior
19/03/2022, 19:21:12 - INFO - Req from: avior kahalani
19/03/2022, 19:21:37 - INFO - Req from: avior kahalani
19/03/2022, 19:21:46 - INFO - Req from: avior kahalani
19/03/2022, 19:21:48 - DEBUG - auth.service - login with username: avior
19/03/2022, 19:24:39 - INFO - Req from: avior kahalani
19/03/2022, 19:25:21 - INFO - Req from: avior kahalani
19/03/2022, 19:26:19 - INFO - Req from: avior kahalani
19/03/2022, 19:26:22 - INFO - Req from: avior kahalani
19/03/2022, 19:26:33 - INFO - Req from: avior kahalani
19/03/2022, 19:26:55 - INFO - Req from: avior kahalani
19/03/2022, 19:27:10 - INFO - Req from: avior kahalani
19/03/2022, 19:27:37 - INFO - Req from: avior kahalani
19/03/2022, 19:28:33 - INFO - Req from: avior kahalani
19/03/2022, 19:28:44 - INFO - Req from: avior kahalani
19/03/2022, 19:29:11 - INFO - Req from: avior kahalani
19/03/2022, 19:29:43 - INFO - Req from: avior kahalani
19/03/2022, 19:31:49 - INFO - Req from: avior kahalani
19/03/2022, 19:32:54 - DEBUG - auth.service - login with username: avior
19/03/2022, 19:35:40 - DEBUG - auth.service - login with username: lala
19/03/2022, 19:35:40 - ERROR - Failed to Login Invalid username or password
19/03/2022, 19:42:13 - DEBUG - auth.service - signup with username: lala, fullname: lala lolo
19/03/2022, 19:42:13 - DEBUG - auth.route - new account created: {"username":"lala","password":"$2b$10$6GpAYDf04y7RojtqzCXMsekrYlIcpqKDTNTKINUYuqqwjQtdws9OW","fullname":"lala lolo","isAdmin":false,"_id":"623615f5bcb32788fc3decc6"}
19/03/2022, 19:42:13 - DEBUG - auth.service - login with username: lala
19/03/2022, 19:42:23 - DEBUG - auth.service - login with username: lala
19/03/2022, 19:44:19 - DEBUG - auth.service - login with username: avior
19/03/2022, 19:44:22 - INFO - Req from: avior kahalani
19/03/2022, 19:44:34 - DEBUG - auth.service - login with username: avior
19/03/2022, 19:44:35 - INFO - Req from: avior kahalani
19/03/2022, 19:51:35 - INFO - Server is running on port: 3030
19/03/2022, 19:51:42 - INFO - Server is running on port: 3030
19/03/2022, 19:54:19 - DEBUG - auth.service - login with username: puki
19/03/2022, 19:55:00 - INFO - Server is running on port: 3030
19/03/2022, 19:55:45 - DEBUG - auth.service - login with username: lala
19/03/2022, 19:56:00 - DEBUG - auth.service - login with username: avior
19/03/2022, 19:56:35 - INFO - Server is running on port: 3030
19/03/2022, 19:56:41 - INFO - Server is running on port: 3030
19/03/2022, 19:57:45 - DEBUG - auth.service - login with username: avior
19/03/2022, 19:58:10 - INFO - Server is running on port: 3030
19/03/2022, 19:58:26 - DEBUG - auth.service - login with username: avior
19/03/2022, 20:00:09 - DEBUG - auth.service - signup with username: undefined, fullname: undefined
19/03/2022, 20:00:09 - ERROR - Failed to signup fullname, username and password are required!
19/03/2022, 20:01:32 - DEBUG - auth.service - login with username: avior
19/03/2022, 20:01:45 - ERROR - while finding user 6233c0620a53cd43d7abca16 | {}
19/03/2022, 20:01:45 - ERROR - Failed to get user | {}
19/03/2022, 20:03:50 - DEBUG - auth.service - login with username: puki
19/03/2022, 20:04:09 - WARN - puki ben david Attempt to perform admin action
19/03/2022, 20:04:50 - INFO - Server is running on port: 3030
19/03/2022, 20:04:55 - DEBUG - auth.service - login with username: puki
19/03/2022, 20:05:49 - INFO - Server is running on port: 3030
19/03/2022, 20:05:58 - DEBUG - auth.service - login with username: puki
19/03/2022, 20:06:03 - WARN - puki ben david Attempt to perform admin action
19/03/2022, 20:06:16 - WARN - puki ben david Attempt to perform admin action
19/03/2022, 20:06:38 - DEBUG - auth.service - login with username: avior
19/03/2022, 20:08:38 - DEBUG - auth.service - login with username: avior
19/03/2022, 20:08:41 - INFO - Req from: avior kahalani
19/03/2022, 20:08:50 - INFO - Req from: avior kahalani
19/03/2022, 20:08:59 - DEBUG - auth.service - login with username: puki
19/03/2022, 20:09:01 - INFO - Req from: puki ben david
19/03/2022, 20:09:08 - INFO - Req from: puki ben david
19/03/2022, 20:09:46 - INFO - Server is running on port: 3030
19/03/2022, 20:12:32 - INFO - Server is running on port: 3030
19/03/2022, 20:12:39 - INFO - Server is running on port: 3030
19/03/2022, 20:14:08 - INFO - Server is running on port: 3030
19/03/2022, 20:16:06 - INFO - Server is running on port: 3030
19/03/2022, 20:16:07 - INFO - Server is running on port: 3030
19/03/2022, 20:21:27 - DEBUG - auth.service - login with username: avior
19/03/2022, 20:21:49 - INFO - Req from: avior kahalani
19/03/2022, 20:22:12 - INFO - Server is running on port: 3030
19/03/2022, 20:22:16 - INFO - Server is running on port: 3030
19/03/2022, 20:22:30 - DEBUG - auth.service - login with username: puki
19/03/2022, 20:22:36 - INFO - Req from: puki ben david
19/03/2022, 20:23:12 - INFO - Server is running on port: 3030
19/03/2022, 20:23:54 - DEBUG - auth.service - login with username: puki
19/03/2022, 20:23:58 - WARN - puki ben david Attempt to perform admin action
19/03/2022, 20:24:39 - INFO - Server is running on port: 3030
19/03/2022, 20:24:43 - INFO - Server is running on port: 3030
19/03/2022, 20:27:17 - DEBUG - auth.service - signup with username: admin, fullname: admin
19/03/2022, 20:27:17 - DEBUG - auth.route - new account created: {"username":"admin","password":"$2b$10$QVAWHaxkgj.v9l9sqqQ6t.wfcFwRUVkVmsFqDQ1dhYpPIabvsD4um","fullname":"admin","isAdmin":false,"_id":"6236208506a0f6800076e19e"}
19/03/2022, 20:27:17 - DEBUG - auth.service - login with username: admin
19/03/2022, 20:38:25 - DEBUG - auth.service - login with username: avior
20/03/2022, 10:22:09 - INFO - Server is running on port: 3030
20/03/2022, 10:26:13 - INFO - Server is running on port: 3030
20/03/2022, 10:37:42 - INFO - Server is running on port: 3030
20/03/2022, 10:37:45 - INFO - Server is running on port: 3030
20/03/2022, 10:37:46 - INFO - Server is running on port: 3030
20/03/2022, 10:38:13 - INFO - Server is running on port: 3030
20/03/2022, 10:38:15 - INFO - Server is running on port: 3030
20/03/2022, 10:38:25 - INFO - Server is running on port: 3030
20/03/2022, 11:16:44 - INFO - Server is running on port: 3030
20/03/2022, 14:51:23 - INFO - Server is running on port: 3030
20/03/2022, 14:51:44 - INFO - Server is running on port: 3030
20/03/2022, 14:51:49 - INFO - Server is running on port: 3030
20/03/2022, 14:51:54 - INFO - Server is running on port: 3030
20/03/2022, 14:51:58 - INFO - Server is running on port: 3030
20/03/2022, 14:52:01 - INFO - Server is running on port: 3030
20/03/2022, 14:52:03 - INFO - Server is running on port: 3030
20/03/2022, 14:52:22 - INFO - Server is running on port: 3030
20/03/2022, 14:52:32 - INFO - Server is running on port: 3030
20/03/2022, 14:53:19 - INFO - Server is running on port: 3030
20/03/2022, 14:53:20 - INFO - Server is running on port: 3030
20/03/2022, 14:53:30 - INFO - Server is running on port: 3030
20/03/2022, 14:53:41 - INFO - Server is running on port: 3030
20/03/2022, 14:53:45 - INFO - Server is running on port: 3030
20/03/2022, 14:53:46 - INFO - Server is running on port: 3030
20/03/2022, 14:53:49 - INFO - Server is running on port: 3030
20/03/2022, 14:55:15 - INFO - Server is running on port: 3030
20/03/2022, 14:55:44 - INFO - Server is running on port: 3030
20/03/2022, 18:28:52 - INFO - Server is running on port: 3030
20/03/2022, 18:39:16 - DEBUG - auth.service - login with username: avior
20/03/2022, 18:39:21 - INFO - Req from: avior kahalani
20/03/2022, 18:42:01 - INFO - Req from: avior kahalani
20/03/2022, 18:42:53 - INFO - Req from: avior kahalani
20/03/2022, 18:45:27 - INFO - Req from: avior kahalani
20/03/2022, 18:45:52 - INFO - Req from: avior kahalani
20/03/2022, 18:46:19 - INFO - Req from: avior kahalani
20/03/2022, 18:46:38 - INFO - Req from: avior kahalani
20/03/2022, 18:46:46 - ERROR - Failed to add review | {}
20/03/2022, 18:47:04 - INFO - Server is running on port: 3030
20/03/2022, 18:47:06 - ERROR - Failed to add review | {}
20/03/2022, 18:47:23 - INFO - Server is running on port: 3030
20/03/2022, 18:47:25 - INFO - Server is running on port: 3030
20/03/2022, 18:47:28 - ERROR - Failed to add review | {}
20/03/2022, 18:47:48 - INFO - Server is running on port: 3030
20/03/2022, 18:47:50 - ERROR - Failed to add review | {}
20/03/2022, 18:48:34 - INFO - Server is running on port: 3030
20/03/2022, 18:49:00 - INFO - Server is running on port: 3030
20/03/2022, 18:49:05 - ERROR - Failed to add review | {}
20/03/2022, 18:49:46 - INFO - Server is running on port: 3030
20/03/2022, 18:50:21 - INFO - Server is running on port: 3030
20/03/2022, 18:50:35 - ERROR - Failed to add review | {}
20/03/2022, 18:50:47 - INFO - Server is running on port: 3030
20/03/2022, 18:51:28 - INFO - Server is running on port: 3030
20/03/2022, 18:52:56 - DEBUG - auth.service - login with username: avior
20/03/2022, 18:53:00 - INFO - Req from: avior kahalani
20/03/2022, 18:53:09 - INFO - Req from: avior kahalani
20/03/2022, 18:53:30 - INFO - Server is running on port: 3030
20/03/2022, 18:54:10 - INFO - Server is running on port: 3030
20/03/2022, 18:54:15 - INFO - Server is running on port: 3030
20/03/2022, 18:55:32 - DEBUG - auth.service - login with username: avior
20/03/2022, 18:55:36 - INFO - Req from: avior kahalani
20/03/2022, 18:55:43 - INFO - Req from: avior kahalani
20/03/2022, 18:56:14 - INFO - Req from: avior kahalani
20/03/2022, 18:56:37 - INFO - Req from: avior kahalani
20/03/2022, 18:56:37 - INFO - Req from: avior kahalani
20/03/2022, 18:56:50 - INFO - Req from: avior kahalani
20/03/2022, 18:56:59 - INFO - Req from: avior kahalani
20/03/2022, 18:58:06 - INFO - Server is running on port: 3030
20/03/2022, 18:59:54 - INFO - Server is running on port: 3030
20/03/2022, 19:02:29 - INFO - Server is running on port: 3030
20/03/2022, 19:10:17 - INFO - Server is running on port: 3030
20/03/2022, 19:10:23 - INFO - Server is running on port: 3030
20/03/2022, 19:12:21 - INFO - Server is running on port: 3030
20/03/2022, 19:12:44 - INFO - Server is running on port: 3030
20/03/2022, 19:12:57 - INFO - Server is running on port: 3030
20/03/2022, 19:13:11 - INFO - Server is running on port: 3030
20/03/2022, 19:13:21 - INFO - Server is running on port: 3030
20/03/2022, 19:13:21 - ERROR - Failed to add review | {}
20/03/2022, 19:13:29 - INFO - Server is running on port: 3030
20/03/2022, 19:13:30 - INFO - Server is running on port: 3030
20/03/2022, 19:13:32 - INFO - Server is running on port: 3030
20/03/2022, 19:13:48 - INFO - Server is running on port: 3030
20/03/2022, 20:17:03 - INFO - Server is running on port: 3030
20/03/2022, 20:23:15 - INFO - Server is running on port: 3030
20/03/2022, 20:24:47 - INFO - Server is running on port: 3030
20/03/2022, 20:25:01 - INFO - Server is running on port: 3030
20/03/2022, 20:25:05 - INFO - Server is running on port: 3030
20/03/2022, 20:28:19 - INFO - Server is running on port: 3030
20/03/2022, 20:28:51 - INFO - Server is running on port: 3030
20/03/2022, 20:29:01 - INFO - Server is running on port: 3030
20/03/2022, 20:29:21 - INFO - Server is running on port: 3030
20/03/2022, 20:32:09 - DEBUG - auth.service - login with username: avior
20/03/2022, 20:32:12 - INFO - Req from: avior kahalani
20/03/2022, 20:33:56 - INFO - Server is running on port: 3030
20/03/2022, 20:35:54 - INFO - Server is running on port: 3030
20/03/2022, 20:36:02 - ERROR - Failed to get reviews | {"ok":0,"code":15959,"codeName":"Location15959"}
20/03/2022, 20:38:19 - INFO - Server is running on port: 3030
20/03/2022, 20:38:39 - INFO - Server is running on port: 3030
20/03/2022, 20:39:49 - INFO - Server is running on port: 3030
20/03/2022, 20:40:26 - INFO - Server is running on port: 3030
20/03/2022, 20:41:16 - ERROR - Failed to get reviews | {"ok":0,"code":15959,"codeName":"Location15959"}
20/03/2022, 20:44:17 - INFO - Server is running on port: 3030
20/03/2022, 20:44:18 - INFO - Server is running on port: 3030
20/03/2022, 20:47:18 - INFO - Server is running on port: 3030
20/03/2022, 20:47:19 - INFO - Server is running on port: 3030
20/03/2022, 20:52:14 - INFO - Server is running on port: 3030
20/03/2022, 20:53:31 - INFO - Server is running on port: 3030
20/03/2022, 20:54:03 - INFO - Server is running on port: 3030
20/03/2022, 20:55:19 - INFO - Server is running on port: 3030
20/03/2022, 20:56:16 - INFO - Server is running on port: 3030
20/03/2022, 20:57:25 - DEBUG - auth.service - login with username: puki
20/03/2022, 20:57:49 - DEBUG - auth.service - login with username: lala
20/03/2022, 20:57:53 - INFO - Req from: lala lolo
20/03/2022, 20:58:01 - INFO - Req from: lala lolo
20/03/2022, 21:28:42 - ERROR - Failed to add review | {}
20/03/2022, 21:28:43 - ERROR - Failed to add review | {}
20/03/2022, 21:30:03 - DEBUG - auth.service - login with username: puki
20/03/2022, 21:30:07 - INFO - Req from: puki ben david
20/03/2022, 21:31:20 - INFO - Req from: puki ben david
20/03/2022, 21:35:01 - INFO - Server is running on port: 3030
20/03/2022, 21:35:06 - INFO - Server is running on port: 3030
20/03/2022, 21:35:12 - INFO - Server is running on port: 3030
20/03/2022, 21:36:02 - DEBUG - auth.service - login with username: avior
20/03/2022, 21:36:04 - ERROR - Failed to get reviews | {"ok":0,"code":15959,"codeName":"Location15959"}
20/03/2022, 21:36:34 - INFO - Server is running on port: 3030
20/03/2022, 21:37:04 - INFO - Server is running on port: 3030
20/03/2022, 21:37:15 - INFO - Server is running on port: 3030
20/03/2022, 21:37:19 - INFO - Server is running on port: 3030
20/03/2022, 21:37:44 - ERROR - Failed to get reviews | {"ok":0,"code":15959,"codeName":"Location15959"}
20/03/2022, 21:37:56 - ERROR - Failed to get reviews | {"ok":0,"code":15959,"codeName":"Location15959"}
20/03/2022, 21:39:17 - INFO - Server is running on port: 3030
20/03/2022, 21:39:44 - INFO - Server is running on port: 3030
20/03/2022, 21:39:50 - INFO - Server is running on port: 3030
20/03/2022, 21:41:29 - INFO - Server is running on port: 3030
20/03/2022, 21:42:13 - INFO - Server is running on port: 3030
20/03/2022, 21:43:46 - DEBUG - auth.service - login with username: lala
20/03/2022, 21:43:51 - INFO - Req from: lala lolo
20/03/2022, 21:44:13 - INFO - Req from: lala lolo
20/03/2022, 21:44:34 - INFO - Req from: lala lolo
20/03/2022, 21:44:36 - INFO - Req from: lala lolo
20/03/2022, 21:44:42 - INFO - Req from: lala lolo
20/03/2022, 21:44:51 - DEBUG - auth.service - login with username: admin
20/03/2022, 21:44:55 - INFO - Req from: admin
20/03/2022, 21:45:29 - INFO - Req from: admin
20/03/2022, 21:46:06 - INFO - Req from: admin
20/03/2022, 21:49:02 - INFO - Req from: admin
20/03/2022, 21:49:33 - INFO - Req from: admin
20/03/2022, 21:49:53 - INFO - Req from: admin
20/03/2022, 21:50:10 - INFO - Req from: admin
20/03/2022, 21:50:37 - INFO - Req from: admin
20/03/2022, 21:53:49 - INFO - Req from: admin
20/03/2022, 21:55:40 - INFO - Server is running on port: 3030
20/03/2022, 21:55:41 - INFO - Server is running on port: 3030
20/03/2022, 21:55:42 - INFO - Server is running on port: 3030
20/03/2022, 22:21:11 - INFO - Server is running on port: 3030
20/03/2022, 22:21:58 - DEBUG - auth.service - login with username: admin
20/03/2022, 22:22:00 - INFO - Req from: admin
20/03/2022, 22:23:52 - DEBUG - auth.service - login with username: admin
20/03/2022, 22:23:55 - INFO - Req from: admin
20/03/2022, 22:25:37 - INFO - Req from: admin
20/03/2022, 22:26:40 - INFO - Req from: admin
20/03/2022, 22:32:03 - INFO - Req from: admin
20/03/2022, 22:32:26 - DEBUG - auth.service - login with username: admin
20/03/2022, 22:34:32 - INFO - Req from: admin
20/03/2022, 22:34:40 - DEBUG - auth.service - login with username: avior
20/03/2022, 22:34:42 - INFO - Req from: avior kahalani
20/03/2022, 22:35:52 - INFO - Req from: avior kahalani
20/03/2022, 22:36:21 - INFO - Req from: avior kahalani
20/03/2022, 22:36:25 - INFO - Req from: avior kahalani
20/03/2022, 22:36:32 - INFO - Req from: avior kahalani
20/03/2022, 22:36:32 - INFO - Req from: avior kahalani
20/03/2022, 22:41:03 - INFO - Server is running on port: 3030
20/03/2022, 22:41:24 - INFO - Server is running on port: 3030
20/03/2022, 22:47:26 - DEBUG - auth.service - login with username: puki
20/03/2022, 22:47:30 - INFO - Req from: puki ben david
20/03/2022, 22:48:05 - INFO - Req from: puki ben david
20/03/2022, 23:03:05 - INFO - Server is running on port: 3030
20/03/2022, 23:03:20 - DEBUG - auth.service - login with username: admin
20/03/2022, 23:03:22 - INFO - Req from: admin
20/03/2022, 23:03:29 - INFO - Req from: admin
20/03/2022, 23:03:35 - DEBUG - auth.service - login with username: puki
20/03/2022, 23:03:37 - INFO - Req from: puki ben david
20/03/2022, 23:03:44 - INFO - Req from: puki ben david
20/03/2022, 23:03:48 - INFO - Req from: puki ben david
20/03/2022, 23:03:49 - INFO - Req from: puki ben david
20/03/2022, 23:04:02 - DEBUG - auth.service - login with username: admin
20/03/2022, 23:04:03 - INFO - Req from: admin
20/03/2022, 23:04:08 - INFO - Req from: admin
20/03/2022, 23:04:22 - INFO - Req from: admin
20/03/2022, 23:04:44 - INFO - Req from: admin
20/03/2022, 23:04:54 - INFO - Req from: admin
20/03/2022, 23:13:05 - INFO - Server is running on port: 3030
20/03/2022, 23:13:23 - INFO - Server is running on port: 3030
20/03/2022, 23:14:21 - INFO - Server is running on port: 3030
20/03/2022, 23:14:28 - ERROR - cannot find toys | {}
20/03/2022, 23:14:28 - ERROR - Failed to get toys | {}
20/03/2022, 23:14:32 - ERROR - cannot find toys | {}
20/03/2022, 23:14:32 - ERROR - Failed to get toys | {}
20/03/2022, 23:14:32 - ERROR - cannot find toys | {}
20/03/2022, 23:14:32 - ERROR - Failed to get toys | {}
20/03/2022, 23:17:12 - INFO - Server is running on port: 3030
20/03/2022, 23:17:38 - INFO - Server is running on port: 3030
20/03/2022, 23:19:27 - ERROR - cannot find toys | {}
20/03/2022, 23:19:27 - ERROR - Failed to get toys | {}
20/03/2022, 23:19:27 - ERROR - cannot find toys | {}
20/03/2022, 23:19:27 - ERROR - Failed to get toys | {}
20/03/2022, 23:19:33 - ERROR - cannot find toys | {}
20/03/2022, 23:19:33 - ERROR - Failed to get toys | {}
20/03/2022, 23:19:33 - ERROR - cannot find toys | {}
20/03/2022, 23:19:33 - ERROR - Failed to get toys | {}
20/03/2022, 23:20:50 - ERROR - cannot find toys | {}
20/03/2022, 23:20:50 - ERROR - Failed to get toys | {}
20/03/2022, 23:20:50 - ERROR - cannot find toys | {}
20/03/2022, 23:20:50 - ERROR - Failed to get toys | {}
20/03/2022, 23:21:29 - INFO - Server is running on port: 3030
20/03/2022, 23:21:51 - INFO - Server is running on port: 3030
20/03/2022, 23:22:16 - ERROR - cannot find toys | {}
20/03/2022, 23:22:16 - ERROR - Failed to get toys | {}
20/03/2022, 23:22:16 - ERROR - cannot find toys | {}
20/03/2022, 23:22:16 - ERROR - Failed to get toys | {}
20/03/2022, 23:22:30 - INFO - Server is running on port: 3030
20/03/2022, 23:22:54 - ERROR - cannot find toys | {}
20/03/2022, 23:22:54 - ERROR - Failed to get toys | {}
20/03/2022, 23:22:54 - ERROR - cannot find toys | {}
20/03/2022, 23:22:54 - ERROR - Failed to get toys | {}
20/03/2022, 23:23:20 - ERROR - cannot find toys | {}
20/03/2022, 23:23:20 - ERROR - Failed to get toys | {}
20/03/2022, 23:23:20 - ERROR - cannot find toys | {}
20/03/2022, 23:23:20 - ERROR - Failed to get toys | {}
20/03/2022, 23:23:53 - ERROR - cannot find toys | {}
20/03/2022, 23:23:53 - ERROR - Failed to get toys | {}
20/03/2022, 23:23:53 - ERROR - cannot find toys | {}
20/03/2022, 23:23:53 - ERROR - Failed to get toys | {}
20/03/2022, 23:24:08 - ERROR - cannot find toys | {}
20/03/2022, 23:24:08 - ERROR - Failed to get toys | {}
20/03/2022, 23:24:08 - ERROR - cannot find toys | {}
20/03/2022, 23:24:08 - ERROR - Failed to get toys | {}
20/03/2022, 23:32:37 - INFO - Server is running on port: 3030
20/03/2022, 23:36:02 - DEBUG - auth.service - login with username: admin
20/03/2022, 23:36:05 - INFO - Req from: admin
20/03/2022, 23:39:23 - INFO - Req from: admin
20/03/2022, 23:39:28 - INFO - Req from: admin
20/03/2022, 23:41:30 - INFO - Server is running on port: 3030
20/03/2022, 23:41:31 - INFO - Server is running on port: 3030
20/03/2022, 23:41:32 - INFO - Server is running on port: 3030
20/03/2022, 23:41:47 - INFO - Server is running on port: 3030
20/03/2022, 23:41:58 - DEBUG - auth.service - login with username: admin
20/03/2022, 23:42:01 - INFO - Req from: admin
20/03/2022, 23:42:57 - INFO - Req from: admin
20/03/2022, 23:43:00 - ERROR - Failed to delete review | {}
20/03/2022, 23:43:46 - INFO - Server is running on port: 3030
20/03/2022, 23:44:14 - DEBUG - auth.service - login with username: admin
20/03/2022, 23:44:18 - INFO - Req from: admin
20/03/2022, 23:44:40 - INFO - Req from: admin
20/03/2022, 23:45:00 - INFO - Req from: admin
20/03/2022, 23:45:03 - INFO - Req from: admin
21/03/2022, 8:36:09 - INFO - Server is running on port: 3030
21/03/2022, 8:47:43 - DEBUG - auth.service - login with username: admin
21/03/2022, 8:47:44 - INFO - Req from: admin
21/03/2022, 8:48:09 - INFO - Req from: admin
21/03/2022, 8:55:10 - INFO - Server is running on port: 3030
21/03/2022, 8:56:42 - INFO - Server is running on port: 3030
21/03/2022, 9:02:56 - INFO - Server is running on port: 3030
21/03/2022, 9:17:32 - INFO - Server is running on port: 3030
21/03/2022, 9:18:29 - INFO - Server is running on port: 3030
21/03/2022, 9:21:36 - INFO - Server is running on port: 3030
21/03/2022, 9:21:47 - INFO - Server is running on port: 3030
21/03/2022, 9:23:54 - DEBUG - auth.service - login with username: puki
21/03/2022, 9:23:56 - INFO - Req from: puki ben david
21/03/2022, 9:31:01 - INFO - Req from: puki ben david
21/03/2022, 9:31:02 - INFO - Req from: puki ben david
21/03/2022, 9:32:37 - INFO - Req from: puki ben david
21/03/2022, 9:32:43 - DEBUG - auth.service - login with username: admin
21/03/2022, 9:33:12 - INFO - Req from: admin
21/03/2022, 9:36:35 - INFO - Req from: admin
21/03/2022, 13:46:47 - INFO - Server is running on port: 3030
21/03/2022, 13:48:20 - INFO - Server is running on port: 3030
21/03/2022, 13:48:29 - DEBUG - auth.service - login with username: PurpleAlpaka
21/03/2022, 13:52:27 - INFO - Req from: Puki Ben David
21/03/2022, 13:52:32 - DEBUG - auth.service - login with username: PurpleAlpaka
21/03/2022, 13:52:58 - INFO - Req from: Puki Ben David
21/03/2022, 13:56:03 - INFO - Req from: Puki Ben David
21/03/2022, 13:56:41 - INFO - Req from: Puki Ben David
21/03/2022, 13:57:11 - INFO - Req from: Puki Ben David
21/03/2022, 13:58:10 - INFO - Req from: Puki Ben David
21/03/2022, 13:58:37 - INFO - Req from: Puki Ben David
21/03/2022, 15:11:17 - INFO - Req from: Puki Ben David
21/03/2022, 15:11:58 - INFO - Req from: Puki Ben David
21/03/2022, 15:41:20 - INFO - Req from: Puki Ben David
21/03/2022, 15:41:53 - INFO - Req from: Puki Ben David
21/03/2022, 15:41:53 - INFO - Req from: Puki Ben David
21/03/2022, 15:42:00 - DEBUG - auth.service - login with username: PurpleAlpaka
21/03/2022, 15:44:00 - INFO - Req from: Puki Ben David
21/03/2022, 15:44:00 - INFO - Req from: Puki Ben David
21/03/2022, 15:44:43 - INFO - Req from: Puki Ben David
21/03/2022, 15:44:43 - INFO - Req from: Puki Ben David
21/03/2022, 15:45:22 - INFO - Req from: Puki Ben David
21/03/2022, 15:46:38 - INFO - Req from: Puki Ben David
21/03/2022, 15:46:38 - INFO - Req from: Puki Ben David
21/03/2022, 15:46:45 - DEBUG - auth.service - signup with username: 123, fullname: etst
21/03/2022, 15:46:45 - DEBUG - auth.route - new account created: {"username":"123","password":"$2b$10$OWrS72XsYSI13Y3OLegRieMoJ8HlQS8xr3HR2zQRnQZwD8ybKuRfi","fullname":"etst","isAdmin":false,"_id":"623881c5dd53731a921910e7"}
21/03/2022, 15:46:45 - DEBUG - auth.service - login with username: 123
21/03/2022, 15:46:53 - DEBUG - auth.service - login with username: PurpleAlpaka
21/03/2022, 16:46:39 - INFO - Req from: Puki Ben David
21/03/2022, 16:46:46 - INFO - Req from: Puki Ben David
21/03/2022, 16:50:18 - INFO - Req from: Puki Ben David
21/03/2022, 16:57:33 - DEBUG - auth.service - login with username: PurpleAlpaka
21/03/2022, 16:59:12 - INFO - Req from: Puki Ben David
21/03/2022, 17:01:05 - DEBUG - auth.service - signup with username: test1, fullname: Muki
21/03/2022, 17:01:06 - DEBUG - auth.route - new account created: {"username":"test1","password":"$2b$10$N30a7WMafxHcncue3KTy3e0JfBcFoDJmPCehs6BDMP267wmEOJEhG","fullname":"Muki","isAdmin":false,"_id":"62389332dd53731a921910ee"}
21/03/2022, 17:01:06 - DEBUG - auth.service - login with username: test1
21/03/2022, 18:52:47 - INFO - Server is running on port: 3030
21/03/2022, 18:53:34 - INFO - Server is running on port: 3030
21/03/2022, 18:53:38 - INFO - Server is running on port: 3030
21/03/2022, 19:28:25 - INFO - Server is running on port: 3030
21/03/2022, 19:33:35 - INFO - Server is running on port: 3030
21/03/2022, 21:11:22 - INFO - Server is running on port: 3030
21/03/2022, 21:11:40 - INFO - Server is running on port: 3030
21/03/2022, 21:12:10 - INFO - Server is running on port: 3030
21/03/2022, 21:13:48 - INFO - Server is running on port: 3030
21/03/2022, 21:15:05 - INFO - Server is running on port: 3030
21/03/2022, 21:15:23 - INFO - Server is running on port: 3030
21/03/2022, 21:16:19 - INFO - Server is running on port: 3030
21/03/2022, 21:20:49 - DEBUG - auth.service - signup with username: test, fullname: Test
21/03/2022, 21:20:49 - DEBUG - auth.route - new account created: {"username":"test","password":"$2b$10$lxpYa2pSQEL1nQpx/ticgONrHUbLxDawQaTVJtE2oRLOeLwE.cKr.","fullname":"Test","isAdmin":false,"_id":"6238d01139ba48a233c630b9"}
21/03/2022, 21:20:49 - DEBUG - auth.service - login with username: test
21/03/2022, 21:23:35 - INFO - Server is running on port: 3030
21/03/2022, 21:23:53 - DEBUG - auth.service - signup with username: test, fullname: TestAtlas
21/03/2022, 21:23:54 - DEBUG - auth.route - new account created: {"username":"test","password":"$2b$10$zxiHsj11TbguuH5m6xaUkupoKlNiL4R9f6lfXCLwFfvHN/TaOxuvu","fullname":"TestAtlas","isAdmin":false,"_id":"6238d0cab612ee778d98a5aa"}
21/03/2022, 21:23:54 - DEBUG - auth.service - login with username: test
21/03/2022, 21:25:28 - INFO - Server is running on port: 3030
21/03/2022, 21:26:18 - INFO - Server is running on port: 3030
21/03/2022, 21:27:08 - INFO - Server is running on port: 3030
21/03/2022, 21:37:02 - INFO - Server is running on port: 3030
21/03/2022, 21:38:55 - INFO - Server is running on port: 3030
21/03/2022, 21:39:02 - INFO - Server is running on port: 3030
21/03/2022, 21:39:14 - DEBUG - auth.service - login with username: PurpleAlpaka
21/03/2022, 21:57:59 - INFO - Req from: Puki Ben David
28/03/2022, 12:58:42 - INFO - Server is running on port: 3030
28/03/2022, 13:16:01 - INFO - Server is running on port: 3030
28/03/2022, 13:16:06 - INFO - Server is running on port: 3030
28/03/2022, 13:16:17 - ERROR - cannot find boards | {}
28/03/2022, 13:16:17 - ERROR - Failed to get boards | {}
28/03/2022, 13:16:30 - INFO - Server is running on port: 3030
28/03/2022, 13:16:32 - ERROR - cannot find boards | {}
28/03/2022, 13:16:32 - ERROR - Failed to get boards | {}
28/03/2022, 13:16:48 - INFO - Server is running on port: 3030
28/03/2022, 13:17:34 - INFO - Server is running on port: 3030
28/03/2022, 13:17:42 - INFO - Server is running on port: 3030
28/03/2022, 13:17:45 - ERROR - cannot find boards | {}
28/03/2022, 13:17:45 - ERROR - Failed to get boards | {}
28/03/2022, 13:19:43 - INFO - Server is running on port: 3030
28/03/2022, 13:19:45 - ERROR - cannot find boards | {}
28/03/2022, 13:19:45 - ERROR - Failed to get boards | {}
28/03/2022, 13:20:01 - INFO - Server is running on port: 3030
28/03/2022, 13:20:03 - ERROR - cannot find boards | {}
28/03/2022, 13:20:03 - ERROR - Failed to get boards | {}
28/03/2022, 13:20:38 - INFO - Server is running on port: 3030
28/03/2022, 13:20:44 - ERROR - cannot find boards | {}
28/03/2022, 13:20:44 - ERROR - Failed to get boards | {}
28/03/2022, 13:20:56 - INFO - Server is running on port: 3030
28/03/2022, 13:21:00 - ERROR - cannot find boards | {}
28/03/2022, 13:21:00 - ERROR - Failed to get boards | {}
28/03/2022, 13:23:52 - INFO - Server is running on port: 3030
28/03/2022, 13:27:59 - INFO - Server is running on port: 3030
28/03/2022, 13:28:08 - INFO - Server is running on port: 3030
28/03/2022, 13:29:52 - INFO - Server is running on port: 3030
28/03/2022, 13:29:59 - INFO - Server is running on port: 3030
28/03/2022, 13:30:06 - INFO - Server is running on port: 3030
28/03/2022, 13:30:49 - INFO - Server is running on port: 3030
28/03/2022, 13:30:51 - INFO - Server is running on port: 3030
28/03/2022, 13:30:54 - ERROR - cannot find boards | {}
28/03/2022, 13:30:54 - ERROR - Failed to get boards | {}
28/03/2022, 13:31:04 - INFO - Server is running on port: 3030
28/03/2022, 13:31:05 - ERROR - cannot find boards | {}
28/03/2022, 13:31:05 - ERROR - Failed to get boards | {}
28/03/2022, 13:31:14 - INFO - Server is running on port: 3030
28/03/2022, 13:31:15 - ERROR - cannot find boards | {}
28/03/2022, 13:31:15 - ERROR - Failed to get boards | {}
28/03/2022, 13:32:07 - INFO - Server is running on port: 3030
28/03/2022, 13:33:08 - ERROR - cannot find boards | {}
28/03/2022, 13:33:08 - ERROR - Failed to get boards | {}
28/03/2022, 13:33:51 - INFO - Server is running on port: 3030
28/03/2022, 13:33:52 - ERROR - cannot find boards | {}
28/03/2022, 13:33:52 - ERROR - Failed to get boards | {}
28/03/2022, 13:34:14 - INFO - Server is running on port: 3030
28/03/2022, 13:34:16 - ERROR - cannot find boards | {}
28/03/2022, 13:34:16 - ERROR - Failed to get boards | {}
28/03/2022, 13:34:25 - INFO - Server is running on port: 3030
28/03/2022, 13:34:27 - ERROR - cannot find boards | {}
28/03/2022, 13:34:27 - ERROR - Failed to get boards | {}
28/03/2022, 13:35:13 - INFO - Server is running on port: 3030
28/03/2022, 13:35:28 - INFO - Server is running on port: 3030
28/03/2022, 13:35:36 - INFO - Server is running on port: 3030
28/03/2022, 13:35:45 - INFO - Server is running on port: 3030
28/03/2022, 13:35:47 - ERROR - cannot find boards | {}
28/03/2022, 13:35:47 - ERROR - Failed to get boards | {}
28/03/2022, 13:36:38 - INFO - Server is running on port: 3030
28/03/2022, 13:36:39 - ERROR - cannot find boards | {}
28/03/2022, 13:36:39 - ERROR - Failed to get boards | {}
28/03/2022, 13:36:44 - INFO - Server is running on port: 3030
28/03/2022, 13:36:46 - ERROR - cannot find boards | {}
28/03/2022, 13:36:46 - ERROR - Failed to get boards | {}
28/03/2022, 13:40:03 - INFO - Server is running on port: 3030
28/03/2022, 13:40:07 - ERROR - cannot find boards | {}
28/03/2022, 13:40:07 - ERROR - Failed to get boards | {}
28/03/2022, 13:41:36 - INFO - Server is running on port: 3030
28/03/2022, 13:42:21 - INFO - Server is running on port: 3030
28/03/2022, 13:42:38 - INFO - Server is running on port: 3030
28/03/2022, 13:43:01 - INFO - Server is running on port: 3030
28/03/2022, 13:43:10 - INFO - Server is running on port: 3030
28/03/2022, 13:45:09 - INFO - Server is running on port: 3030
28/03/2022, 15:08:33 - INFO - Server is running on port: 3030
28/03/2022, 15:09:04 - INFO - Server is running on port: 3030
28/03/2022, 15:09:12 - ERROR - cannot update board 624191207d9c69d57df1e8b1 | {"index":0,"code":66}
28/03/2022, 15:09:12 - ERROR - Failed to update board | {"index":0,"code":66}
28/03/2022, 15:09:14 - ERROR - cannot update board 624191207d9c69d57df1e8b1 | {"index":0,"code":66}
28/03/2022, 15:09:14 - ERROR - Failed to update board | {"index":0,"code":66}
28/03/2022, 15:09:15 - ERROR - cannot update board 624191207d9c69d57df1e8b1 | {"index":0,"code":66}
28/03/2022, 15:09:15 - ERROR - Failed to update board | {"index":0,"code":66}
28/03/2022, 15:09:17 - ERROR - cannot update board 624191207d9c69d57df1e8b1 | {"index":0,"code":66}
28/03/2022, 15:09:17 - ERROR - Failed to update board | {"index":0,"code":66}
28/03/2022, 15:09:35 - INFO - Server is running on port: 3030
28/03/2022, 15:09:53 - INFO - Server is running on port: 3030
28/03/2022, 15:09:57 - ERROR - cannot update board 624191207d9c69d57df1e8b1 | {"index":0,"code":66}
28/03/2022, 15:09:57 - ERROR - Failed to update board | {"index":0,"code":66}
28/03/2022, 15:10:46 - INFO - Server is running on port: 3030
28/03/2022, 15:10:48 - INFO - Server is running on port: 3030
28/03/2022, 15:25:10 - INFO - Server is running on port: 3030
28/03/2022, 15:25:42 - INFO - Server is running on port: 3030
28/03/2022, 15:26:01 - INFO - Server is running on port: 3030
3/28/2022, 3:35:33 PM - INFO - Server is running on port: 3030
3/28/2022, 4:35:55 PM - INFO - Server is running on port: 3030
3/28/2022, 4:37:38 PM - INFO - Server is running on port: 3030
28/03/2022, 18:42:41 - DEBUG - auth.service - login with username: asd
28/03/2022, 18:42:41 - ERROR - Failed to Login Invalid username or password
28/03/2022, 18:43:19 - DEBUG - auth.service - login with username: asd
28/03/2022, 18:43:20 - ERROR - Failed to Login Invalid username or password
28/03/2022, 18:44:04 - DEBUG - auth.service - login with username: guest
28/03/2022, 18:44:04 - ERROR - Failed to Login Invalid username or password
28/03/2022, 18:44:21 - DEBUG - auth.service - login with username: guest
28/03/2022, 18:44:21 - ERROR - Failed to Login Invalid username or password
28/03/2022, 18:45:17 - DEBUG - auth.service - login with username: guest
28/03/2022, 18:45:17 - ERROR - Failed to Login Invalid username or password
28/03/2022, 18:45:50 - DEBUG - auth.service - login with username: guest
28/03/2022, 18:45:51 - ERROR - Failed to Login Invalid username or password
28/03/2022, 18:46:38 - DEBUG - auth.service - login with username: guest
28/03/2022, 18:46:38 - ERROR - Failed to Login Invalid username or password
28/03/2022, 18:47:35 - DEBUG - auth.service - login with username: guest
28/03/2022, 18:47:35 - ERROR - Failed to Login Invalid username or password
28/03/2022, 18:47:46 - DEBUG - auth.service - login with username: guest
28/03/2022, 18:47:46 - ERROR - Failed to Login Invalid username or password
28/03/2022, 18:47:54 - DEBUG - auth.service - login with username: guest
28/03/2022, 18:47:54 - ERROR - Failed to Login Invalid username or password
28/03/2022, 18:48:07 - DEBUG - auth.service - login with username: guest
28/03/2022, 18:48:07 - ERROR - Failed to Login Invalid username or password
28/03/2022, 18:50:36 - DEBUG - auth.service - login with username: guest
28/03/2022, 18:50:36 - ERROR - Failed to Login Invalid username or password
28/03/2022, 18:53:32 - DEBUG - auth.service - signup with username: guest, fullname: Guest
28/03/2022, 18:53:32 - DEBUG - auth.route - new account created: {"username":"guest","password":"$2b$10$k9Y0BCy/uezx67jpNUoKrObUL/szTNpU/nlkx0NFybuhfRuGMTm1y","fullname":"Guest","isAdmin":false,"_id":"6241d9fc317e57917ee6b48b"}
28/03/2022, 18:53:32 - DEBUG - auth.service - login with username: guest
28/03/2022, 18:53:32 - ERROR - Failed to signup Invalid username or password
28/03/2022, 18:55:53 - INFO - Server is running on port: 3030
28/03/2022, 18:55:59 - DEBUG - auth.service - signup with username: guest, fullname: Guest
28/03/2022, 18:56:00 - DEBUG - auth.route - new account created: {"username":"guest","password":"$2b$10$LFNCiOqpjy8tC/LVFcZRSewCndYkLsfhQ00DieDmlcWDE2LCoulx2","fullname":"Guest","isAdmin":false,"_id":"6241da9001fb06d0742a1777"}
28/03/2022, 18:56:00 - DEBUG - auth.service - login with username: guest
28/03/2022, 18:56:10 - INFO - Server is running on port: 3030
28/03/2022, 18:56:14 - DEBUG - auth.service - login with username: guest
28/03/2022, 19:02:39 - DEBUG - auth.service - signup with username: RZ_Shachar, fullname: 
28/03/2022, 19:02:39 - ERROR - Failed to signup fullname, username and password are required!
28/03/2022, 19:03:38 - DEBUG - auth.service - signup with username: PurpleAlpaka, fullname: 
28/03/2022, 19:03:38 - ERROR - Failed to signup fullname, username and password are required!
28/03/2022, 19:04:04 - DEBUG - auth.service - signup with username: PurpleAlpaka, fullname: 
28/03/2022, 19:04:04 - ERROR - Failed to signup fullname, username and password are required!
28/03/2022, 19:04:17 - DEBUG - auth.service - signup with username: PurpleAlpaka, fullname: 
28/03/2022, 19:04:17 - ERROR - Failed to signup fullname, username and password are required!
28/03/2022, 19:04:34 - DEBUG - auth.service - signup with username: PurpleAlpaka, fullname: 
28/03/2022, 19:04:34 - ERROR - Failed to signup fullname, username and password are required!
28/03/2022, 19:05:02 - DEBUG - auth.service - signup with username: PurpleAlpaka, fullname: Shachar Ron Zohar
28/03/2022, 19:05:02 - DEBUG - auth.route - new account created: {"username":"PurpleAlpaka","password":"$2b$10$xayECIHSXGlNvD3enESvO.qiEmbLq/arQUiPqwxKbmGwFYr0SV1lu","fullname":"Shachar Ron Zohar","isAdmin":false,"_id":"6241dcae0aca78c88661e4c5"}
28/03/2022, 19:05:02 - DEBUG - auth.service - login with username: PurpleAlpaka
28/03/2022, 19:10:48 - INFO - Req from: Shachar Ron Zohar
28/03/2022, 19:11:21 - INFO - Req from: Shachar Ron Zohar
28/03/2022, 19:11:23 - INFO - Req from: Shachar Ron Zohar
28/03/2022, 19:11:27 - INFO - Req from: Shachar Ron Zohar
28/03/2022, 19:11:37 - INFO - Req from: Shachar Ron Zohar
28/03/2022, 19:12:37 - INFO - Req from: Shachar Ron Zohar
28/03/2022, 19:13:09 - INFO - Req from: Shachar Ron Zohar
28/03/2022, 19:13:15 - DEBUG - auth.service - login with username: PurpleAlpaka
28/03/2022, 19:13:56 - INFO - Req from: Shachar Ron Zohar
28/03/2022, 19:14:02 - DEBUG - auth.service - login with username: PurpleAlpaka
28/03/2022, 19:14:57 - DEBUG - auth.service - login with username: PurpleAlpaka
28/03/2022, 20:11:31 - INFO - Req from: Shachar Ron Zohar
28/03/2022, 20:16:20 - INFO - Req from: Shachar Ron Zohar
28/03/2022, 20:18:55 - DEBUG - auth.service - login with username: PurpleAlpaka
28/03/2022, 20:19:10 - DEBUG - auth.service - signup with username: PurpleAlpaka1, fullname: 
28/03/2022, 20:19:10 - ERROR - Failed to signup fullname, username and password are required!
28/03/2022, 20:19:23 - DEBUG - auth.service - signup with username: PurpleAlpaka1, fullname: purple
28/03/2022, 20:19:23 - DEBUG - auth.route - new account created: {"username":"PurpleAlpaka1","password":"$2b$10$shI/TbgFTi.Ckq3EeTl4JeY.yvsEdvzDiplWV7vlxNYuKnl/HpaxK","fullname":"purple","isAdmin":false,"_id":"6241ee1b0aca78c88661e4c6"}
28/03/2022, 20:19:23 - DEBUG - auth.service - login with username: PurpleAlpaka1
28/03/2022, 20:23:05 - INFO - Req from: purple
28/03/2022, 20:23:21 - INFO - Req from: purple
28/03/2022, 20:24:14 - INFO - Req from: purple
28/03/2022, 20:24:17 - DEBUG - auth.service - login with username: PurpleAlpaka1
28/03/2022, 20:24:55 - INFO - Req from: purple
28/03/2022, 20:25:33 - INFO - Req from: purple
28/03/2022, 20:25:42 - INFO - Req from: purple
28/03/2022, 20:26:19 - INFO - Req from: purple
28/03/2022, 20:26:31 - DEBUG - auth.service - login with username: PurpleAlpaka1
28/03/2022, 20:26:38 - INFO - Req from: purple
28/03/2022, 20:29:06 - DEBUG - auth.service - login with username: PurpleAlpaka1
28/03/2022, 20:33:40 - INFO - Server is running on port: 3030
28/03/2022, 20:33:43 - INFO - Server is running on port: 3030
29/03/2022, 09:33:46 - INFO - Server is running on port: 3030
29/03/2022, 10:41:59 - INFO - Server is running on port: 3030
29/03/2022, 10:42:22 - INFO - Server is running on port: 3030
29/03/2022, 10:46:02 - INFO - Server is running on port: 3030
29/03/2022, 10:46:13 - INFO - Server is running on port: 3030
29/03/2022, 10:48:26 - DEBUG - auth.service - signup with username: rzshachar@gmail.com, fullname: Shachar Ron Zohar
29/03/2022, 10:48:26 - DEBUG - auth.route - new account created: {"username":"rzshachar@gmail.com","password":"$2b$10$Us9OWBl0j2onMHd8Q594GeEy2iCTJ2/HPAtZppj.TDM7e7JzL36wK","fullname":"Shachar Ron Zohar","isAdmin":false,"_id":"6242b9ca7831ff946eff8945"}
29/03/2022, 10:48:26 - DEBUG - auth.service - login with username: rzshachar@gmail.com
29/03/2022, 10:49:48 - DEBUG - auth.service - login with username: rzshachar@gmail.com
29/03/2022, 10:56:18 - INFO - Server is running on port: 3030
29/03/2022, 10:56:21 - INFO - Server is running on port: 3030
29/03/2022, 10:56:38 - DEBUG - auth.service - login with username: rzshachar@gmail.com
29/03/2022, 10:56:48 - ERROR - Failed to signup ReferenceError: dbService is not defined
29/03/2022, 10:57:15 - INFO - Server is running on port: 3030
29/03/2022, 10:57:24 - DEBUG - auth.service - signup with username: rzshachar@gmail.com, fullname: Shachar Ron Zohar
29/03/2022, 10:57:24 - ERROR - Failed to signup fullname, username and password are required!
29/03/2022, 10:57:40 - INFO - Server is running on port: 3030
29/03/2022, 10:57:55 - INFO - Server is running on port: 3030
29/03/2022, 10:58:01 - DEBUG - auth.service - signup with username: rzshachar@gmail.com, fullname: Shachar Ron Zohar
29/03/2022, 10:58:01 - ERROR - Failed to signup User already exists!
29/03/2022, 10:58:32 - DEBUG - auth.service - signup with username: sasthepenguinftw@gmail.com, fullname: Ron - Zohar Shahar
29/03/2022, 10:58:32 - DEBUG - auth.route - new account created: {"username":"sasthepenguinftw@gmail.com","password":"$2b$10$/wxWJ0qfx73.EH0nSXGbbOIUCqSineMvOf1ZqPAXKEcF6n93m97fG","fullname":"Ron - Zohar Shahar","isAdmin":false,"_id":"6242bc285545c3fb7e7528a3"}
29/03/2022, 10:58:32 - DEBUG - auth.service - login with username: sasthepenguinftw@gmail.com
29/03/2022, 10:58:49 - DEBUG - auth.service - signup with username: sasthepenguinftw@gmail.com, fullname: Ron - Zohar Shahar
29/03/2022, 10:58:49 - ERROR - Failed to signup User already exists!
29/03/2022, 10:59:15 - INFO - Req from: Ron - Zohar Shahar
29/03/2022, 10:59:24 - DEBUG - auth.service - login with username: rzshachar@gmail.com
29/03/2022, 11:00:16 - DEBUG - auth.service - login with username: rzshachar@gmail.com
29/03/2022, 11:00:16 - ERROR - Failed to Login Invalid username or password
29/03/2022, 11:00:17 - INFO - Req from: Shachar Ron Zohar
29/03/2022, 11:17:29 - INFO - Req from: Shachar Ron Zohar
29/03/2022, 11:32:15 - INFO - Req from: Shachar Ron Zohar
29/03/2022, 11:34:44 - INFO - Req from: Shachar Ron Zohar
29/03/2022, 11:40:35 - INFO - Req from: Shachar Ron Zohar
29/03/2022, 11:42:41 - DEBUG - auth.service - signup with username: guest@ca.com, fullname: Guest
29/03/2022, 11:42:42 - DEBUG - auth.route - new account created: {"username":"guest@ca.com","password":"$2b$10$kk4BRX1UIHdkTGOiFU2oK.ThkpdhGY31VfSjZLLq4TiHnTE.uKnzi","fullname":"Guest","isAdmin":false,"_id":"6242c6825545c3fb7e7528a4"}
29/03/2022, 11:42:42 - DEBUG - auth.service - login with username: guest@ca.com
29/03/2022, 11:58:59 - DEBUG - auth.service - signup with username: rzshachar@gmail.com, fullname: Shachar Ron Zohar
29/03/2022, 11:59:00 - DEBUG - auth.route - new account created: {"username":"rzshachar@gmail.com","password":"$2b$10$LmrOOTJvNEj6xwMc789z1OjLRjJYFPgXdNyd6yUgTk7fVHGztxveu","fullname":"Shachar Ron Zohar","isAdmin":false,"_id":"6242ca535545c3fb7e7528a5"}
29/03/2022, 11:59:00 - DEBUG - auth.service - login with username: rzshachar@gmail.com
29/03/2022, 12:00:54 - INFO - Server is running on port: 3030
29/03/2022, 12:01:15 - INFO - Server is running on port: 3030
29/03/2022, 12:01:51 - INFO - Server is running on port: 3030
29/03/2022, 12:02:22 - INFO - Server is running on port: 3030
29/03/2022, 12:46:53 - INFO - Server is running on port: 3030
29/03/2022, 12:47:08 - INFO - Server is running on port: 3030
29/03/2022, 12:48:54 - INFO - Server is running on port: 3030
29/03/2022, 12:50:20 - INFO - Server is running on port: 3030
29/03/2022, 12:54:30 - DEBUG - auth.service - login with username: rzshachar@gmail.com
29/03/2022, 12:55:05 - INFO - Server is running on port: 3030
29/03/2022, 12:55:57 - INFO - Server is running on port: 3030
29/03/2022, 12:56:54 - INFO - Server is running on port: 3030
29/03/2022, 12:57:38 - INFO - Server is running on port: 3030
29/03/2022, 12:57:55 - INFO - Server is running on port: 3030
29/03/2022, 12:57:59 - INFO - Server is running on port: 3030
29/03/2022, 12:58:02 - ERROR - cannot find boards | {}
29/03/2022, 12:58:02 - ERROR - Failed to get boards | {}
29/03/2022, 13:06:32 - INFO - Server is running on port: 3030
29/03/2022, 13:07:47 - INFO - Server is running on port: 3030
29/03/2022, 13:08:27 - INFO - Server is running on port: 3030
29/03/2022, 13:08:54 - INFO - Server is running on port: 3030
29/03/2022, 13:09:08 - INFO - Server is running on port: 3030
29/03/2022, 13:12:20 - INFO - Server is running on port: 3030
29/03/2022, 13:12:33 - INFO - Server is running on port: 3030
29/03/2022, 13:13:27 - INFO - Server is running on port: 3030
29/03/2022, 13:13:49 - INFO - Server is running on port: 3030
29/03/2022, 13:13:51 - ERROR - cannot find boards | {}
29/03/2022, 13:13:51 - ERROR - Failed to get boards | {}
29/03/2022, 13:14:08 - INFO - Server is running on port: 3030
29/03/2022, 13:15:05 - INFO - Server is running on port: 3030
29/03/2022, 13:15:08 - ERROR - cannot find boards | {}
29/03/2022, 13:15:08 - ERROR - Failed to get boards | {}
29/03/2022, 13:20:53 - INFO - Server is running on port: 3030
29/03/2022, 13:22:11 - INFO - Server is running on port: 3030
29/03/2022, 13:22:15 - ERROR - cannot find boards | {"ok":0,"code":2,"codeName":"BadValue","$clusterTime":{"clusterTime":{"$timestamp":"7080465479667548171"},"signature":{"hash":"pPpwr7i2O0HFWy40IReweWRghlA=","keyId":{"low":14,"high":1635958966,"unsigned":false}}},"operationTime":{"$timestamp":"7080465479667548171"}}
29/03/2022, 13:22:15 - ERROR - Failed to get boards | {"ok":0,"code":2,"codeName":"BadValue","$clusterTime":{"clusterTime":{"$timestamp":"7080465479667548171"},"signature":{"hash":"pPpwr7i2O0HFWy40IReweWRghlA=","keyId":{"low":14,"high":1635958966,"unsigned":false}}},"operationTime":{"$timestamp":"7080465479667548171"}}
29/03/2022, 13:22:41 - INFO - Server is running on port: 3030
29/03/2022, 13:22:46 - ERROR - cannot find boards | {"ok":0,"code":2,"codeName":"BadValue","$clusterTime":{"clusterTime":{"$timestamp":"7080465608516567054"},"signature":{"hash":"/2qjBlxtHWE9R8m10FfD0i4aFOw=","keyId":{"low":14,"high":1635958966,"unsigned":false}}},"operationTime":{"$timestamp":"7080465608516567054"}}
29/03/2022, 13:22:46 - ERROR - Failed to get boards | {"ok":0,"code":2,"codeName":"BadValue","$clusterTime":{"clusterTime":{"$timestamp":"7080465608516567054"},"signature":{"hash":"/2qjBlxtHWE9R8m10FfD0i4aFOw=","keyId":{"low":14,"high":1635958966,"unsigned":false}}},"operationTime":{"$timestamp":"7080465608516567054"}}
29/03/2022, 13:23:21 - INFO - Server is running on port: 3030
29/03/2022, 13:23:24 - ERROR - cannot find boards | {"ok":0,"code":2,"codeName":"BadValue","$clusterTime":{"clusterTime":{"$timestamp":"7080465776020291589"},"signature":{"hash":"Vjksklx52AT0C7yZYRSquhGxhho=","keyId":{"low":14,"high":1635958966,"unsigned":false}}},"operationTime":{"$timestamp":"7080465776020291589"}}
29/03/2022, 13:23:24 - ERROR - Failed to get boards | {"ok":0,"code":2,"codeName":"BadValue","$clusterTime":{"clusterTime":{"$timestamp":"7080465776020291589"},"signature":{"hash":"Vjksklx52AT0C7yZYRSquhGxhho=","keyId":{"low":14,"high":1635958966,"unsigned":false}}},"operationTime":{"$timestamp":"7080465776020291589"}}
29/03/2022, 13:23:36 - INFO - Server is running on port: 3030
29/03/2022, 13:23:41 - ERROR - cannot find boards | {"ok":0,"code":2,"codeName":"BadValue","$clusterTime":{"clusterTime":{"$timestamp":"7080465849034735617"},"signature":{"hash":"u81PMtrfYoQocK2FyXNnE0TuKsk=","keyId":{"low":14,"high":1635958966,"unsigned":false}}},"operationTime":{"$timestamp":"7080465849034735617"}}
29/03/2022, 13:23:41 - ERROR - Failed to get boards | {"ok":0,"code":2,"codeName":"BadValue","$clusterTime":{"clusterTime":{"$timestamp":"7080465849034735617"},"signature":{"hash":"u81PMtrfYoQocK2FyXNnE0TuKsk=","keyId":{"low":14,"high":1635958966,"unsigned":false}}},"operationTime":{"$timestamp":"7080465849034735617"}}
29/03/2022, 13:25:29 - INFO - Server is running on port: 3030
29/03/2022, 13:25:37 - ERROR - cannot find boards | {"ok":0,"code":2,"codeName":"BadValue","$clusterTime":{"clusterTime":{"$timestamp":"7080466342955975310"},"signature":{"hash":"pie9z5pu9vhhWM/1qY81gG7BVrM=","keyId":{"low":14,"high":1635958966,"unsigned":false}}},"operationTime":{"$timestamp":"7080466342955975310"}}
29/03/2022, 13:25:37 - ERROR - Failed to get boards | {"ok":0,"code":2,"codeName":"BadValue","$clusterTime":{"clusterTime":{"$timestamp":"7080466342955975310"},"signature":{"hash":"pie9z5pu9vhhWM/1qY81gG7BVrM=","keyId":{"low":14,"high":1635958966,"unsigned":false}}},"operationTime":{"$timestamp":"7080466342955975310"}}
29/03/2022, 13:26:03 - INFO - Server is running on port: 3030
29/03/2022, 13:26:06 - ERROR - cannot find boards | {"ok":0,"code":2,"codeName":"BadValue","$clusterTime":{"clusterTime":{"$timestamp":"7080466471804993537"},"signature":{"hash":"RlEQX45vCFuMvL+VLfmL+obBXYM=","keyId":{"low":14,"high":1635958966,"unsigned":false}}},"operationTime":{"$timestamp":"7080466471804993537"}}
29/03/2022, 13:26:06 - ERROR - Failed to get boards | {"ok":0,"code":2,"codeName":"BadValue","$clusterTime":{"clusterTime":{"$timestamp":"7080466471804993537"},"signature":{"hash":"RlEQX45vCFuMvL+VLfmL+obBXYM=","keyId":{"low":14,"high":1635958966,"unsigned":false}}},"operationTime":{"$timestamp":"7080466471804993537"}}
29/03/2022, 13:27:01 - INFO - Server is running on port: 3030
29/03/2022, 13:27:06 - ERROR - cannot find boards | {"ok":0,"code":2,"codeName":"BadValue","$clusterTime":{"clusterTime":{"$timestamp":"7080466729503031300"},"signature":{"hash":"BGDv64UQP4V1eub4mP4hMxjn89E=","keyId":{"low":14,"high":1635958966,"unsigned":false}}},"operationTime":{"$timestamp":"7080466729503031300"}}
29/03/2022, 13:27:06 - ERROR - Failed to get boards | {"ok":0,"code":2,"codeName":"BadValue","$clusterTime":{"clusterTime":{"$timestamp":"7080466729503031300"},"signature":{"hash":"BGDv64UQP4V1eub4mP4hMxjn89E=","keyId":{"low":14,"high":1635958966,"unsigned":false}}},"operationTime":{"$timestamp":"7080466729503031300"}}
29/03/2022, 13:27:15 - INFO - Server is running on port: 3030
29/03/2022, 14:02:52 - INFO - Server is running on port: 3030
29/03/2022, 14:04:09 - INFO - Server is running on port: 3030
29/03/2022, 14:05:39 - INFO - Server is running on port: 3030
29/03/2022, 14:10:53 - INFO - Server is running on port: 3030
29/03/2022, 14:11:17 - INFO - Server is running on port: 3030
29/03/2022, 14:11:55 - INFO - Server is running on port: 3030
29/03/2022, 14:12:18 - INFO - Server is running on port: 3030
29/03/2022, 14:12:46 - INFO - Server is running on port: 3030
29/03/2022, 14:13:39 - INFO - Server is running on port: 3030
29/03/2022, 14:13:41 - INFO - Server is running on port: 3030
29/03/2022, 14:14:02 - INFO - Server is running on port: 3030
29/03/2022, 14:15:25 - INFO - Server is running on port: 3030
29/03/2022, 14:16:48 - INFO - Server is running on port: 3030
29/03/2022, 14:16:51 - INFO - Server is running on port: 3030
29/03/2022, 14:24:49 - DEBUG - auth.service - login with username: rzshachar@gmail.com
29/03/2022, 14:30:27 - INFO - Req from: Shachar Ron Zohar
29/03/2022, 15:28:58 - INFO - Server is running on port: 3030
29/03/2022, 16:15:48 - INFO - Server is running on port: 3030
29/03/2022, 16:16:01 - INFO - Server is running on port: 3030
29/03/2022, 16:16:45 - INFO - Server is running on port: 3030
29/03/2022, 16:16:49 - INFO - Server is running on port: 3030
29/03/2022, 16:20:26 - DEBUG - auth.service - login with username: rzshachar@gmail.com
29/03/2022, 16:20:36 - ERROR - while finding user [object Object] | {}
29/03/2022, 16:20:36 - ERROR - Failed to get user | {}
29/03/2022, 16:21:27 - INFO - Server is running on port: 3030
29/03/2022, 16:23:15 - INFO - Server is running on port: 3030
29/03/2022, 16:25:08 - INFO - Server is running on port: 3030
29/03/2022, 16:25:51 - INFO - Server is running on port: 3030
29/03/2022, 16:26:30 - INFO - Server is running on port: 3030
29/03/2022, 19:06:07 - DEBUG - auth.service - signup with username: sasthepenguinftw@gmail.com, fullname: Ron - Zohar Shahar
29/03/2022, 19:06:07 - ERROR - Failed to signup User already exists!
29/03/2022, 19:06:16 - DEBUG - auth.service - login with username: rzshachar@gmail.com
29/03/2022, 19:06:16 - ERROR - Failed to Login Error: data and hash arguments required
29/03/2022, 19:06:42 - DEBUG - auth.service - login with username: sasthepenguinftw@gmail.com
29/03/2022, 19:06:42 - ERROR - Failed to Login Error: data and hash arguments required
29/03/2022, 19:07:41 - DEBUG - auth.service - signup with username: Test@test.com, fullname: Tes
29/03/2022, 19:07:41 - DEBUG - auth.route - new account created: {"username":"Test@test.com","password":"$2b$10$cV6xKfrT1.liLaQEUgjXkugtDgTxsvtIrZswbI9yzPZSJ8WfXdDvG","fullname":"Tes","isAdmin":false,"_id":"62432ecd9ff219158a4b42c7"}
29/03/2022, 19:07:41 - DEBUG - auth.service - login with username: Test@test.com
29/03/2022, 19:07:41 - ERROR - Failed to signup Error: data and hash arguments required
29/03/2022, 19:07:57 - DEBUG - auth.service - signup with username: Test@test.com, fullname: Tes
29/03/2022, 19:07:57 - ERROR - Failed to signup User already exists!
29/03/2022, 19:08:57 - DEBUG - auth.service - signup with username: test@test, fullname: asda
29/03/2022, 19:08:57 - DEBUG - auth.route - new account created: {"username":"test@test","password":"$2b$10$gziCEbznzvRbX3rssOmZT.VwI4keWWmxuDZQGkcyOu6CPmVKtsRdW","fullname":"asda","isAdmin":false,"_id":"62432f199ff219158a4b42c8"}
29/03/2022, 19:08:57 - DEBUG - auth.service - login with username: test@test
29/03/2022, 19:08:57 - ERROR - Failed to signup Error: data and hash arguments required
29/03/2022, 19:20:32 - DEBUG - auth.service - signup with username: rzshachar@gmail.com, fullname: Shachar Ron Zohar
29/03/2022, 19:20:32 - ERROR - Failed to signup User already exists!
29/03/2022, 19:21:18 - DEBUG - auth.service - signup with username: rzshachar@gmail.com, fullname: Shachar Ron Zohar
29/03/2022, 19:21:18 - DEBUG - auth.route - new account created: {"username":"rzshachar@gmail.com","password":"$2b$10$pRi.w11lZvtlctyOwN.42eRqlwlrYTK3FHctpKP9Ss5wJIX3AaOXG","fullname":"Shachar Ron Zohar","isAdmin":false,"_id":"624331fe9ff219158a4b42c9"}
29/03/2022, 19:21:18 - DEBUG - auth.service - login with username: rzshachar@gmail.com
29/03/2022, 19:21:19 - ERROR - Failed to signup Error: data and hash arguments required
29/03/2022, 19:24:46 - INFO - Server is running on port: 3030
29/03/2022, 19:25:11 - INFO - Server is running on port: 3030
29/03/2022, 19:32:02 - DEBUG - auth.service - signup with username: 123@sad, fullname: asd
29/03/2022, 19:32:02 - DEBUG - auth.route - new account created: {"username":"123@sad","password":"$2b$10$JqYdYzrj/M3/42/dnHD4pON7I/9t40OCJhjJF1RzGWKdKc67PW0lG","fullname":"asd","isAdmin":false,"_id":"62433482fa150cebde9e02d5"}
29/03/2022, 19:32:02 - DEBUG - auth.service - login with username: 123@sad
29/03/2022, 19:32:02 - ERROR - Failed to signup Error: data and hash arguments required
29/03/2022, 19:34:35 - INFO - Server is running on port: 3030
29/03/2022, 19:34:47 - INFO - Server is running on port: 3030
29/03/2022, 19:35:26 - DEBUG - auth.service - signup with username: 123@sad, fullname: asd
29/03/2022, 19:35:26 - DEBUG - auth.route - new account created: {"username":"123@sad","password":"$2b$10$NtXRUyIg7KNQVJFoAb.sFOMlqj6ByPU7MPAw3vWJm30CwgNTwu7uW","fullname":"asd","isAdmin":false,"_id":"6243354e63f3fcda59719abe"}
29/03/2022, 19:35:26 - DEBUG - auth.service - login with username: 123@sad
29/03/2022, 19:35:26 - ERROR - Failed to signup Error: data and hash arguments required
29/03/2022, 19:36:24 - INFO - Server is running on port: 3030
29/03/2022, 19:36:37 - DEBUG - auth.service - login with username: sasthepenguinftw@gmail.com
29/03/2022, 19:59:51 - INFO - Server is running on port: 3030
29/03/2022, 19:59:57 - INFO - Server is running on port: 3030
29/03/2022, 21:37:42 - INFO - Server is running on port: 3030
29/03/2022, 21:40:01 - INFO - Server is running on port: 3030
29/03/2022, 22:03:52 - INFO - Server is running on port: 3030
29/03/2022, 22:04:43 - INFO - Server is running on port: 3030
30/03/2022, 09:56:25 - INFO - Server is running on port: 3030
30/03/2022, 09:57:01 - DEBUG - auth.service - login with username: rzshachar@gmail.com
30/03/2022, 10:03:06 - INFO - Server is running on port: 3030
30/03/2022, 10:05:04 - INFO - Server is running on port: 3030
30/03/2022, 10:07:04 - INFO - Server is running on port: 3030
30/03/2022, 10:08:05 - ERROR - cannot find boards | {"ok":0,"code":2,"codeName":"BadValue","$clusterTime":{"clusterTime":{"$timestamp":"7080786528472924163"},"signature":{"hash":"eBf3X/0UqUnaIw0xcCKf39hxIyU=","keyId":{"low":14,"high":1635958966,"unsigned":false}}},"operationTime":{"$timestamp":"7080786528472924163"}}
30/03/2022, 10:08:05 - ERROR - Failed to get boards | {"ok":0,"code":2,"codeName":"BadValue","$clusterTime":{"clusterTime":{"$timestamp":"7080786528472924163"},"signature":{"hash":"eBf3X/0UqUnaIw0xcCKf39hxIyU=","keyId":{"low":14,"high":1635958966,"unsigned":false}}},"operationTime":{"$timestamp":"7080786528472924163"}}
30/03/2022, 10:08:28 - ERROR - cannot find boards | {"ok":0,"code":2,"codeName":"BadValue","$clusterTime":{"clusterTime":{"$timestamp":"7080786622962204692"},"signature":{"hash":"n4ZCYm+vfFDo4Pa1JzfBq1Mt7Cc=","keyId":{"low":14,"high":1635958966,"unsigned":false}}},"operationTime":{"$timestamp":"7080786622962204692"}}
30/03/2022, 10:08:28 - ERROR - Failed to get boards | {"ok":0,"code":2,"codeName":"BadValue","$clusterTime":{"clusterTime":{"$timestamp":"7080786622962204692"},"signature":{"hash":"n4ZCYm+vfFDo4Pa1JzfBq1Mt7Cc=","keyId":{"low":14,"high":1635958966,"unsigned":false}}},"operationTime":{"$timestamp":"7080786622962204692"}}
30/03/2022, 10:09:02 - INFO - Server is running on port: 3030
30/03/2022, 10:10:10 - INFO - Server is running on port: 3030
30/03/2022, 10:10:19 - ERROR - cannot find boards | {"ok":0,"code":2,"codeName":"BadValue","$clusterTime":{"clusterTime":{"$timestamp":"7080787099703574540"},"signature":{"hash":"LTNmvKD70zfFSLUkWPbbvkgDcbQ=","keyId":{"low":14,"high":1635958966,"unsigned":false}}},"operationTime":{"$timestamp":"7080787099703574540"}}
30/03/2022, 10:10:19 - ERROR - Failed to get boards | {"ok":0,"code":2,"codeName":"BadValue","$clusterTime":{"clusterTime":{"$timestamp":"7080787099703574540"},"signature":{"hash":"LTNmvKD70zfFSLUkWPbbvkgDcbQ=","keyId":{"low":14,"high":1635958966,"unsigned":false}}},"operationTime":{"$timestamp":"7080787099703574540"}}
30/03/2022, 10:12:49 - INFO - Server is running on port: 3030
30/03/2022, 10:14:15 - INFO - Server is running on port: 3030
30/03/2022, 10:14:22 - ERROR - cannot find boards | {}
30/03/2022, 10:14:22 - ERROR - Failed to get boards | {}
30/03/2022, 10:14:50 - INFO - Server is running on port: 3030
30/03/2022, 10:15:17 - INFO - Server is running on port: 3030
30/03/2022, 10:18:58 - INFO - Server is running on port: 3030
30/03/2022, 10:19:17 - INFO - Server is running on port: 3030
30/03/2022, 10:19:40 - INFO - Server is running on port: 3030
30/03/2022, 10:19:54 - INFO - Server is running on port: 3030
30/03/2022, 10:20:48 - DEBUG - auth.service - login with username: rzshachar@gmail.com
30/03/2022, 10:20:55 - INFO - Req from: Shachar Ron Zohar
30/03/2022, 10:21:34 - INFO - Server is running on port: 3030
30/03/2022, 10:22:21 - INFO - Server is running on port: 3030
3/30/2022, 10:44:32 AM - INFO - Server is running on port: 3030
3/30/2022, 10:53:39 AM - DEBUG - auth.service - signup with username: chenbezalel5@5, fullname: chen
3/30/2022, 10:53:39 AM - DEBUG - auth.route - new account created: {"username":"chenbezalel5@5","password":"$2b$10$5t88ZYRcwN8d7PdO2ht7ZOP2W6nU7DLutj2rx/A72f9CABR/Xi7su","fullname":"chen","_id":"62440c832af08c68bdf3b534"}
3/30/2022, 10:53:39 AM - DEBUG - auth.service - login with username: chenbezalel5@5
3/30/2022, 10:53:39 AM - INFO - Req from: chen
3/30/2022, 10:54:19 AM - INFO - Req from: chen
3/30/2022, 10:56:08 AM - DEBUG - auth.service - signup with username: chen@chen, fullname: chen
3/30/2022, 10:56:08 AM - DEBUG - auth.route - new account created: {"username":"chen@chen","password":"$2b$10$/03KKZyNq824v6nRhuz6Ge1xnuNP7QKDvct/EZZlFrQu.fH.9gjBq","fullname":"chen","_id":"62440d182af08c68bdf3b539"}
3/30/2022, 10:56:08 AM - DEBUG - auth.service - login with username: chen@chen
3/30/2022, 10:56:08 AM - INFO - Req from: chen
3/30/2022, 10:56:34 AM - INFO - Req from: chen
3/30/2022, 10:56:47 AM - DEBUG - auth.service - login with username: chen@chen
3/30/2022, 10:56:47 AM - INFO - Req from: chen
3/30/2022, 10:58:41 AM - INFO - Req from: chen
3/30/2022, 11:39:48 AM - INFO - Req from: chen
3/30/2022, 11:57:36 AM - INFO - Req from: chen
3/30/2022, 12:04:14 PM - INFO - Req from: chen
3/30/2022, 1:13:27 PM - INFO - Req from: chen
3/30/2022, 1:30:48 PM - INFO - Req from: chen
3/30/2022, 1:37:31 PM - INFO - Req from: chen
3/30/2022, 1:37:33 PM - INFO - Req from: chen
3/30/2022, 1:38:40 PM - INFO - Req from: chen
3/30/2022, 1:41:46 PM - INFO - Req from: chen
3/30/2022, 2:33:46 PM - INFO - Req from: chen
3/30/2022, 3:42:42 PM - INFO - Req from: chen
3/30/2022, 3:54:14 PM - INFO - Req from: chen
3/30/2022, 4:11:55 PM - INFO - Req from: chen
3/30/2022, 4:12:08 PM - INFO - Req from: chen
3/30/2022, 4:44:43 PM - INFO - Req from: chen
3/30/2022, 4:52:13 PM - INFO - Req from: chen
3/30/2022, 4:59:26 PM - INFO - Req from: chen
3/30/2022, 5:01:54 PM - INFO - Req from: chen
3/30/2022, 5:04:00 PM - INFO - Req from: chen
3/30/2022, 5:09:04 PM - INFO - Req from: chen
3/30/2022, 5:47:28 PM - INFO - Req from: chen
3/30/2022, 7:02:16 PM - INFO - Req from: chen
3/30/2022, 7:02:28 PM - INFO - Req from: chen
3/30/2022, 7:09:22 PM - INFO - Req from: chen
3/30/2022, 7:10:48 PM - INFO - Req from: chen
3/30/2022, 7:17:20 PM - INFO - Req from: chen
3/30/2022, 7:17:21 PM - INFO - Req from: chen
3/30/2022, 7:33:44 PM - DEBUG - auth.service - signup with username: chenbezalel5@gmail.com, fullname: Chen Bezalel
3/30/2022, 7:33:44 PM - DEBUG - auth.route - new account created: {"username":"chenbezalel5@gmail.com","password":"$2b$10$JZSY.MXDQfL50ZOZblTIq.utiyG27Q4bZsHXqq0PwrY9NzaLFB7By","fullname":"Chen Bezalel","_id":"624486682af08c68bdf3b53e"}
3/30/2022, 7:33:44 PM - DEBUG - auth.service - login with username: chenbezalel5@gmail.com
3/30/2022, 7:33:44 PM - INFO - Req from: Chen Bezalel
3/30/2022, 7:34:14 PM - ERROR - cannot update board [object Object] | {}
3/30/2022, 7:34:14 PM - ERROR - Failed to update board | {}
3/30/2022, 7:35:09 PM - ERROR - cannot update board [object Object] | {}
3/30/2022, 7:35:09 PM - ERROR - Failed to update board | {}
3/30/2022, 7:35:09 PM - ERROR - cannot update board [object Object] | {}
3/30/2022, 7:35:09 PM - ERROR - Failed to update board | {}
3/30/2022, 7:35:10 PM - ERROR - cannot update board [object Object] | {}
3/30/2022, 7:35:10 PM - ERROR - Failed to update board | {}
3/30/2022, 7:35:10 PM - ERROR - cannot update board [object Object] | {}
3/30/2022, 7:35:10 PM - ERROR - Failed to update board | {}
3/30/2022, 7:35:54 PM - INFO - Req from: Chen Bezalel
<<<<<<< HEAD
3/30/2022, 7:41:51 PM - INFO - Server is running on port: 3030
3/30/2022, 7:43:58 PM - DEBUG - auth.service - login with username: chenbezalel5@gmail.com
3/30/2022, 7:43:58 PM - INFO - Req from: Chen Bezalel
3/30/2022, 7:53:37 PM - INFO - Req from: Chen Bezalel
3/30/2022, 7:55:52 PM - INFO - Req from: Chen Bezalel
=======
=======
30/03/2022, 10:44:18 - INFO - Server is running on port: 3030
30/03/2022, 10:48:47 - DEBUG - auth.service - signup with username: sasthepenguinftw@gmail.com, fullname: Ron - Zohar Shahar
30/03/2022, 10:48:47 - DEBUG - auth.route - new account created: {"username":"sasthepenguinftw@gmail.com","password":"$2b$10$2O1MWe9TQVrgTo8DNkPqN.yST3w6r.NKsB4tNOZ.39JoOFe1mErNu","fullname":"Ron - Zohar Shahar","_id":"62440b5f0dccf53e1c88a23d"}
30/03/2022, 10:48:47 - DEBUG - auth.service - login with username: sasthepenguinftw@gmail.com
30/03/2022, 11:13:42 - INFO - Server is running on port: 3030
30/03/2022, 11:14:50 - INFO - Server is running on port: 3030
30/03/2022, 11:19:43 - DEBUG - auth.service - signup with username: sasthepenguinftw@gmail.com, fullname: Ron - Zohar Shahar
30/03/2022, 11:19:43 - ERROR - Failed to signup User already exists!
30/03/2022, 11:21:18 - INFO - Server is running on port: 3030
30/03/2022, 11:21:30 - INFO - Server is running on port: 3030
30/03/2022, 11:21:41 - INFO - Server is running on port: 3030
30/03/2022, 11:21:48 - INFO - Server is running on port: 3030
30/03/2022, 11:21:59 - INFO - Server is running on port: 3030
30/03/2022, 11:22:07 - INFO - Server is running on port: 3030
30/03/2022, 11:22:26 - INFO - Server is running on port: 3030
30/03/2022, 11:23:03 - DEBUG - auth.service - signup with username: sasthepenguinftw@gmail.com, fullname: Ron - Zohar Shahar
30/03/2022, 11:23:03 - DEBUG - auth.route - new account created: {"username":"sasthepenguinftw@gmail.com","password":"$2b$10$aPC/y6CaoqIPr.NtbqQFgeMUYua2l6ss67.9x4zSaKRqlYiKXKBam","fullname":"Ron - Zohar Shahar","imgUrl":"https://lh3.googleusercontent.com/a/AATXAJxOV3XFDTOA4li_woiIMlko_492GMSMTnzV0rQL=s96-c","_id":"6244136784efdc189fd84a60"}
30/03/2022, 11:23:03 - DEBUG - auth.service - login with username: sasthepenguinftw@gmail.com
30/03/2022, 11:25:47 - INFO - Req from: Ron - Zohar Shahar
30/03/2022, 11:26:07 - INFO - Req from: Ron - Zohar Shahar
30/03/2022, 11:29:50 - INFO - Req from: Ron - Zohar Shahar
30/03/2022, 11:34:43 - ERROR - Failed to get user | {}
30/03/2022, 11:34:44 - INFO - Req from: Ron - Zohar Shahar
30/03/2022, 11:37:34 - ERROR - Failed to get user | {}
30/03/2022, 12:53:14 - INFO - Req from: Ron - Zohar Shahar
30/03/2022, 12:53:43 - DEBUG - auth.service - signup with username: rzshachar@gmail.com, fullname: Shachar Ron Zohar
30/03/2022, 12:53:43 - DEBUG - auth.route - new account created: {"username":"rzshachar@gmail.com","password":"$2b$10$NdVx9kzQp4SgRM8/2t7Pwu5j34eYwUOR7E8OejTIkkYflIM9yezsi","fullname":"Shachar Ron Zohar","imgUrl":"https://lh3.googleusercontent.com/a-/AOh14GiAUBhNsWsY-sARcVrJGY0l9OmVQgc2YHsfJfRjTw=s96-c","_id":"624428a784efdc189fd84a64"}
30/03/2022, 12:53:43 - DEBUG - auth.service - login with username: rzshachar@gmail.com
30/03/2022, 12:54:43 - ERROR - cannot update board [object Object] | {}
30/03/2022, 12:54:43 - ERROR - Failed to update board | {}
30/03/2022, 12:54:49 - INFO - Req from: Shachar Ron Zohar
30/03/2022, 12:54:57 - INFO - Req from: Shachar Ron Zohar
30/03/2022, 12:55:07 - INFO - Req from: Shachar Ron Zohar
30/03/2022, 12:55:09 - INFO - Req from: Shachar Ron Zohar
30/03/2022, 13:23:45 - INFO - Req from: Shachar Ron Zohar
30/03/2022, 13:26:40 - INFO - Req from: Shachar Ron Zohar
30/03/2022, 14:22:33 - INFO - Req from: Shachar Ron Zohar
30/03/2022, 15:40:35 - INFO - Req from: Shachar Ron Zohar
30/03/2022, 16:22:02 - INFO - Req from: Shachar Ron Zohar
30/03/2022, 16:25:32 - DEBUG - auth.service - login with username: rzshachar@gmail.com
30/03/2022, 16:25:41 - INFO - Req from: Shachar Ron Zohar
30/03/2022, 16:33:16 - INFO - Req from: Shachar Ron Zohar
30/03/2022, 16:33:35 - INFO - Req from: Shachar Ron Zohar
30/03/2022, 16:33:41 - INFO - Req from: Shachar Ron Zohar
30/03/2022, 16:34:48 - INFO - Req from: Shachar Ron Zohar
30/03/2022, 16:34:54 - INFO - Req from: Shachar Ron Zohar
30/03/2022, 16:36:14 - INFO - Req from: Shachar Ron Zohar
30/03/2022, 16:37:01 - INFO - Req from: Shachar Ron Zohar
30/03/2022, 16:37:34 - INFO - Req from: Shachar Ron Zohar
30/03/2022, 16:38:05 - INFO - Req from: Shachar Ron Zohar
30/03/2022, 16:50:26 - INFO - Req from: Shachar Ron Zohar
30/03/2022, 16:50:31 - INFO - Req from: Shachar Ron Zohar
30/03/2022, 16:52:30 - INFO - Server is running on port: 3030
30/03/2022, 16:54:35 - INFO - Server is running on port: 3030
30/03/2022, 16:54:40 - INFO - Server is running on port: 3030
30/03/2022, 16:54:45 - INFO - Server is running on port: 3030
30/03/2022, 16:54:53 - INFO - Server is running on port: 3030
30/03/2022, 16:55:12 - INFO - Server is running on port: 3030
30/03/2022, 16:55:27 - INFO - Server is running on port: 3030
30/03/2022, 16:55:43 - INFO - Server is running on port: 3030
30/03/2022, 16:56:38 - INFO - Server is running on port: 3030
30/03/2022, 16:56:41 - INFO - Server is running on port: 3030
30/03/2022, 16:57:36 - INFO - Server is running on port: 3030
30/03/2022, 16:57:53 - INFO - Server is running on port: 3030
30/03/2022, 16:58:25 - INFO - Server is running on port: 3030
<<<<<<< HEAD
30/03/2022, 19:39:24 - DEBUG - auth.service - login with username: rzshachar@gmail.com
30/03/2022, 19:41:05 - INFO - Req from: Shachar Ron Zohar
30/03/2022, 19:41:39 - INFO - Req from: Shachar Ron Zohar
30/03/2022, 19:46:42 - DEBUG - auth.service - signup with username: guest@ca.com, fullname: Guest
30/03/2022, 19:46:42 - DEBUG - auth.route - new account created: {"username":"guest@ca.com","password":"$2b$10$GS64g1ByrybNv1bZdTuSSuDhVNAqosx/yLavaGvNrHJ06XkXloG.y","fullname":"Guest","_id":"624489725b668804d46317cc"}
30/03/2022, 19:46:42 - DEBUG - auth.service - login with username: guest@ca.com
30/03/2022, 19:48:10 - DEBUG - auth.service - signup with username: guest@ca.com, fullname: Guest
30/03/2022, 19:48:10 - DEBUG - auth.route - new account created: {"username":"guest@ca.com","password":"$2b$10$v5Nb6QFG1fhkkA7Y7AnuD.0/.LhozEZ60ZY6HOodKT3qndAkYtYp2","fullname":"Guest","imgUrl":"https://idhubs.com/themes/frontend/default/assets/images/avatar/g/600.png","_id":"624489ca5b668804d46317cd"}
30/03/2022, 19:48:10 - DEBUG - auth.service - login with username: guest@ca.com
30/03/2022, 19:49:48 - DEBUG - auth.service - login with username: undefined
30/03/2022, 19:49:48 - ERROR - Failed to Login Invalid username or password
30/03/2022, 19:49:51 - DEBUG - auth.service - login with username: undefined
30/03/2022, 19:49:51 - ERROR - Failed to Login Invalid username or password
30/03/2022, 19:49:53 - DEBUG - auth.service - login with username: undefined
30/03/2022, 19:49:53 - ERROR - Failed to Login Invalid username or password
30/03/2022, 19:49:54 - DEBUG - auth.service - login with username: undefined
30/03/2022, 19:49:54 - ERROR - Failed to Login Invalid username or password
30/03/2022, 19:49:55 - DEBUG - auth.service - login with username: undefined
30/03/2022, 19:49:55 - ERROR - Failed to Login Invalid username or password
30/03/2022, 19:50:18 - DEBUG - auth.service - login with username: guest@ca.com
30/03/2022, 19:50:18 - ERROR - Failed to Login Invalid username or password
30/03/2022, 19:51:18 - DEBUG - auth.service - login with username: guest@ca.com
30/03/2022, 19:51:18 - INFO - Req from: Guest
30/03/2022, 19:52:03 - INFO - Server is running on port: 3030
30/03/2022, 19:53:07 - INFO - Server is running on port: 3030
=======
>>>>>>> 937d77a852b300e679dc3eed9e73de9aac3f121d
3/30/2022, 7:41:51 PM - INFO - Server is running on port: 3030
>>>>>>> fb0d7b5e99d0af2a7059c594ac7d93efbd863fb3
30/03/2022, 19:55:07 - INFO - Server is running on port: 3030
<<<<<<< HEAD
30/03/2022, 20:16:16 - INFO - Server is running on port: 3030
=======
>>>>>>> c58c8b27aa6a136fd809678a74aaac0c90239bda
3/30/2022, 8:10:24 PM - INFO - Server is running on port: 3030
3/30/2022, 8:11:55 PM - INFO - Server is running on port: 3030
3/30/2022, 8:12:01 PM - INFO - Server is running on port: 3030
>>>>>>> 8db26da81114b6707a8c0cd166db98c8da9ebe6c
30/03/2022, 20:18:59 - INFO - Server is running on port: 3030
30/03/2022, 21:05:24 - INFO - Server is running on port: 3030
30/03/2022, 21:11:06 - DEBUG - auth.service - login with username: guest@ca.com
30/03/2022, 21:11:06 - INFO - Req from: Guest
30/03/2022, 21:18:32 - DEBUG - auth.service - login with username: rzshachar@gmail.com
30/03/2022, 21:29:11 - INFO - Server is running on port: 3030
30/03/2022, 21:47:31 - INFO - Server is running on port: 3030
30/03/2022, 21:47:32 - INFO - Server is running on port: 3030
30/03/2022, 21:47:45 - INFO - Server is running on port: 3030
30/03/2022, 21:58:38 - ERROR - cannot find boards | {}
30/03/2022, 21:58:38 - ERROR - Failed to get boards | {}
30/03/2022, 21:58:43 - ERROR - cannot find boards | {}
30/03/2022, 21:58:43 - ERROR - Failed to get boards | {}
30/03/2022, 21:59:15 - INFO - Server is running on port: 3030
30/03/2022, 21:59:27 - ERROR - cannot find boards | {}
30/03/2022, 21:59:27 - ERROR - Failed to get boards | {}
30/03/2022, 21:59:45 - INFO - Server is running on port: 3030
30/03/2022, 21:59:48 - ERROR - cannot find boards | {}
30/03/2022, 21:59:48 - ERROR - Failed to get boards | {}
30/03/2022, 21:59:57 - INFO - Server is running on port: 3030
30/03/2022, 22:00:03 - ERROR - cannot find boards | {}
30/03/2022, 22:00:03 - ERROR - Failed to get boards | {}
30/03/2022, 22:00:11 - INFO - Server is running on port: 3030
30/03/2022, 22:00:36 - DEBUG - auth.service - login with username: guest@ca.com
30/03/2022, 22:00:36 - INFO - Req from: Guest
30/03/2022, 22:10:49 - INFO - Req from: Guest
30/03/2022, 22:11:25 - INFO - Req from: Guest
30/03/2022, 22:15:00 - INFO - Req from: Guest
30/03/2022, 22:15:34 - INFO - Server is running on port: 3030
31/03/2022, 09:17:16 - INFO - Server is running on port: 3030
31/03/2022, 09:29:09 - DEBUG - auth.service - signup with username: adampn462@gmail.com, fullname: Adam Perlin
31/03/2022, 09:29:09 - DEBUG - auth.route - new account created: {"username":"adampn462@gmail.com","password":"$2b$10$Kb/AvQLrM/7dMcf4BorFuO97XmS/GQHVRJbwx2oVwXuNLD.ayr726","fullname":"Adam Perlin","imgUrl":"https://res.cloudinary.com/twello/image/upload/v1648708084/adam-profile-pic_olseok.jpg","_id":"62454a35f3b4e489780297b9"}
31/03/2022, 09:29:09 - DEBUG - auth.service - login with username: adampn462@gmail.com
31/03/2022, 09:39:01 - DEBUG - auth.service - login with username: guest@ca.com
31/03/2022, 09:39:01 - INFO - Req from: Guest
31/03/2022, 09:49:53 - INFO - Req from: Guest
31/03/2022, 09:50:50 - INFO - Req from: Guest
31/03/2022, 09:51:01 - INFO - Req from: Guest
31/03/2022, 09:53:52 - INFO - Server is running on port: 3030
31/03/2022, 09:58:13 - DEBUG - auth.service - login with username: guest@ca.com
31/03/2022, 09:58:19 - INFO - Req from: Guest
31/03/2022, 10:27:22 - INFO - Req from: Guest
31/03/2022, 10:28:09 - INFO - Req from: Guest
31/03/2022, 10:28:43 - INFO - Req from: Guest
31/03/2022, 10:28:44 - INFO - Req from: Guest
31/03/2022, 10:32:20 - INFO - Req from: Guest
31/03/2022, 10:32:38 - INFO - Req from: Guest
31/03/2022, 10:32:39 - INFO - Req from: Guest
31/03/2022, 10:33:21 - INFO - Req from: Guest
31/03/2022, 10:33:22 - INFO - Req from: Guest
31/03/2022, 10:34:34 - INFO - Req from: Guest
31/03/2022, 10:34:34 - INFO - Req from: Guest
31/03/2022, 10:34:51 - INFO - Req from: Guest
31/03/2022, 10:35:13 - DEBUG - auth.service - login with username: guest@ca.com
31/03/2022, 10:35:24 - INFO - Req from: Guest
31/03/2022, 10:35:32 - INFO - Req from: Guest
31/03/2022, 10:35:32 - INFO - Req from: Guest
31/03/2022, 10:35:38 - INFO - Req from: Guest
31/03/2022, 10:35:39 - INFO - Req from: Guest
31/03/2022, 10:35:45 - INFO - Req from: Guest
31/03/2022, 10:36:09 - INFO - Req from: Guest
31/03/2022, 10:36:10 - INFO - Req from: Guest
31/03/2022, 10:38:17 - INFO - Req from: Guest
31/03/2022, 10:38:17 - INFO - Req from: Guest
31/03/2022, 10:38:24 - INFO - Req from: Guest
31/03/2022, 10:38:25 - INFO - Req from: Guest
31/03/2022, 10:38:36 - INFO - Req from: Guest
31/03/2022, 10:38:45 - INFO - Req from: Guest
31/03/2022, 10:38:45 - INFO - Req from: Guest
31/03/2022, 10:45:55 - DEBUG - auth.service - login with username: rzshachar@gmail.com
31/03/2022, 10:45:55 - DEBUG - auth.service - login with username: guest@ca.com
31/03/2022, 10:45:57 - INFO - Req from: Guest
31/03/2022, 10:46:38 - DEBUG - auth.service - login with username: rzshachar@gmail.com
31/03/2022, 10:46:59 - DEBUG - auth.service - login with username: rzshachar@gmail.com
31/03/2022, 10:47:10 - INFO - Req from: Shachar Ron Zohar
31/03/2022, 10:48:45 - INFO - Server is running on port: 3030
31/03/2022, 10:49:32 - DEBUG - auth.service - login with username: guest@ca.com
31/03/2022, 10:49:34 - INFO - Req from: Guest
31/03/2022, 10:50:25 - INFO - Req from: Guest
31/03/2022, 10:50:27 - INFO - Req from: Guest
31/03/2022, 10:50:37 - DEBUG - auth.service - login with username: rzshachar@gmail.com
31/03/2022, 10:50:37 - DEBUG - auth.service - login with username: guest@ca.com
31/03/2022, 10:50:38 - INFO - Req from: Guest
31/03/2022, 10:52:07 - DEBUG - auth.service - login with username: rzshachar@gmail.com
31/03/2022, 10:52:14 - INFO - Req from: Shachar Ron Zohar
31/03/2022, 10:52:39 - INFO - Req from: Shachar Ron Zohar
31/03/2022, 10:52:44 - DEBUG - auth.service - login with username: rzshachar@gmail.com
31/03/2022, 10:52:58 - DEBUG - auth.service - login with username: guest@ca.com
31/03/2022, 10:53:00 - INFO - Req from: Guest
31/03/2022, 10:53:07 - INFO - Req from: Guest
31/03/2022, 10:53:15 - DEBUG - auth.service - login with username: rzshachar@gmail.com
31/03/2022, 10:53:40 - INFO - Req from: Shachar Ron Zohar
31/03/2022, 10:55:08 - DEBUG - auth.service - login with username: rzshachar@gmail.com
31/03/2022, 10:55:15 - DEBUG - auth.service - login with username: rzshachar@gmail.com
31/03/2022, 10:55:22 - DEBUG - auth.service - login with username: rzshachar@gmail.com
31/03/2022, 10:58:41 - INFO - Req from: Shachar Ron Zohar
31/03/2022, 10:58:56 - INFO - Req from: Shachar Ron Zohar
31/03/2022, 11:04:02 - DEBUG - auth.service - login with username: rzshachar@gmail.com
31/03/2022, 11:06:32 - DEBUG - auth.service - login with username: rzshachar@gmail.com
31/03/2022, 11:07:56 - DEBUG - auth.service - login with username: guest@ca.com
31/03/2022, 11:07:57 - INFO - Req from: Guest
31/03/2022, 11:09:20 - DEBUG - auth.service - login with username: rzshachar@gmail.com
31/03/2022, 11:14:00 - ERROR - cannot update board [object Object] | {}
31/03/2022, 11:14:00 - ERROR - Failed to update board | {}
31/03/2022, 11:14:00 - ERROR - cannot update board [object Object] | {}
31/03/2022, 11:14:00 - ERROR - Failed to update board | {}
31/03/2022, 11:14:00 - ERROR - cannot update board [object Object] | {}
31/03/2022, 11:14:00 - ERROR - Failed to update board | {}
31/03/2022, 11:14:00 - ERROR - cannot update board [object Object] | {}
31/03/2022, 11:14:00 - ERROR - Failed to update board | {}
31/03/2022, 11:24:25 - DEBUG - auth.service - login with username: rzshachar@gmail.com
31/03/2022, 15:08:17 - INFO - Server is running on port: 3030
31/03/2022, 15:08:36 - ERROR - cannot update board [object Object] | {}
31/03/2022, 15:08:36 - ERROR - Failed to update board | {}
31/03/2022, 15:08:52 - INFO - Server is running on port: 3030
31/03/2022, 15:09:56 - ERROR - cannot update board [object Object] | {}
31/03/2022, 15:09:56 - ERROR - Failed to update board | {}
31/03/2022, 15:10:29 - INFO - Server is running on port: 3030
31/03/2022, 15:10:32 - INFO - Server is running on port: 3030
31/03/2022, 15:11:18 - INFO - Server is running on port: 3030
31/03/2022, 15:12:15 - INFO - Server is running on port: 3030
31/03/2022, 15:15:45 - INFO - Server is running on port: 3030
31/03/2022, 16:15:30 - INFO - Server is running on port: 3030
31/03/2022, 16:20:28 - INFO - Server is running on port: 3030
31/03/2022, 16:30:07 - INFO - Server is running on port: 3030
31/03/2022, 23:12:38 - INFO - Server is running on port: 3030
01/04/2022, 11:03:30 - INFO - Server is running on port: 3030
01/04/2022, 11:04:04 - DEBUG - auth.service - login with username: guest@ca.com
01/04/2022, 11:04:05 - INFO - Req from: Guest
01/04/2022, 11:04:26 - INFO - Req from: Guest
01/04/2022, 11:33:45 - INFO - Req from: Guest
01/04/2022, 11:34:56 - INFO - Req from: Guest
01/04/2022, 11:35:41 - INFO - Req from: Guest
01/04/2022, 11:37:02 - INFO - Req from: Guest
01/04/2022, 11:38:40 - INFO - Req from: Guest
01/04/2022, 12:07:06 - INFO - Req from: Guest
01/04/2022, 12:07:58 - INFO - Req from: Guest
01/04/2022, 12:08:13 - INFO - Req from: Guest
01/04/2022, 12:12:43 - INFO - Req from: Guest
01/04/2022, 12:13:01 - INFO - Req from: Guest
01/04/2022, 12:13:52 - INFO - Req from: Guest
01/04/2022, 12:17:59 - INFO - Req from: Guest
01/04/2022, 12:21:10 - INFO - Req from: Guest
01/04/2022, 12:21:12 - INFO - Req from: Guest
01/04/2022, 12:21:39 - INFO - Server is running on port: 3030
01/04/2022, 12:22:16 - INFO - Server is running on port: 3030
01/04/2022, 12:25:06 - INFO - Server is running on port: 3030
01/04/2022, 12:40:08 - INFO - Server is running on port: 3030
01/04/2022, 12:40:12 - INFO - Server is running on port: 3030
01/04/2022, 12:44:29 - ERROR - Failed to add activity | {}
01/04/2022, 12:45:03 - ERROR - Failed to add activity | {}
01/04/2022, 12:45:43 - INFO - Server is running on port: 3030
01/04/2022, 12:45:46 - ERROR - Failed to add activity | {}
01/04/2022, 12:46:01 - INFO - Server is running on port: 3030
01/04/2022, 12:46:03 - ERROR - cannot add activity undefined | {}
01/04/2022, 12:46:03 - ERROR - Failed to add activity | {}
01/04/2022, 12:46:56 - ERROR - cannot add activity a101 | {}
01/04/2022, 12:46:56 - ERROR - Failed to add activity | {}
01/04/2022, 12:47:19 - INFO - Server is running on port: 3030
01/04/2022, 12:47:22 - ERROR - cannot add activity a101 | {}
01/04/2022, 12:47:22 - ERROR - Failed to add activity | {}
01/04/2022, 12:47:27 - INFO - Server is running on port: 3030
01/04/2022, 12:47:29 - ERROR - cannot add activity a101 | {}
01/04/2022, 12:47:29 - ERROR - Failed to add activity | {}
01/04/2022, 12:47:50 - INFO - Server is running on port: 3030
01/04/2022, 12:47:55 - ERROR - cannot add activity a101 | {}
01/04/2022, 12:47:55 - ERROR - Failed to add activity | {}
01/04/2022, 12:48:36 - INFO - Server is running on port: 3030
01/04/2022, 12:48:41 - ERROR - cannot add activity a101 | {}
01/04/2022, 12:48:41 - ERROR - Failed to add activity | {}
01/04/2022, 12:51:16 - INFO - Server is running on port: 3030
01/04/2022, 12:52:26 - INFO - Server is running on port: 3030
01/04/2022, 12:53:19 - INFO - Server is running on port: 3030
01/04/2022, 13:01:02 - INFO - Server is running on port: 3030
01/04/2022, 13:01:13 - INFO - Server is running on port: 3030
01/04/2022, 14:12:10 - INFO - Server is running on port: 3030
01/04/2022, 14:12:57 - INFO - Server is running on port: 3030
01/04/2022, 14:13:00 - INFO - Server is running on port: 3030
01/04/2022, 14:13:24 - INFO - Server is running on port: 3030
01/04/2022, 14:16:05 - INFO - Server is running on port: 3030
01/04/2022, 14:16:08 - INFO - Server is running on port: 3030
01/04/2022, 14:25:35 - INFO - Server is running on port: 3030
01/04/2022, 14:25:42 - INFO - Server is running on port: 3030
01/04/2022, 14:26:31 - INFO - Server is running on port: 3030
01/04/2022, 14:26:58 - INFO - Server is running on port: 3030
01/04/2022, 14:31:51 - INFO - Server is running on port: 3030
01/04/2022, 14:32:00 - INFO - Server is running on port: 3030
01/04/2022, 14:32:03 - INFO - Server is running on port: 3030
01/04/2022, 14:33:58 - INFO - Server is running on port: 3030
01/04/2022, 14:37:24 - INFO - Server is running on port: 3030
01/04/2022, 17:03:59 - INFO - Server is running on port: 3030
01/04/2022, 17:04:26 - INFO - Server is running on port: 3030
01/04/2022, 17:12:06 - INFO - Server is running on port: 3030
01/04/2022, 17:17:44 - INFO - Server is running on port: 3030
01/04/2022, 17:18:02 - INFO - Server is running on port: 3030
01/04/2022, 17:20:43 - INFO - Server is running on port: 3030
01/04/2022, 17:21:53 - INFO - Server is running on port: 3030
01/04/2022, 17:22:48 - INFO - Server is running on port: 3030
01/04/2022, 17:39:20 - INFO - Server is running on port: 3030
01/04/2022, 17:42:47 - INFO - Server is running on port: 3030
01/04/2022, 17:42:48 - INFO - Server is running on port: 3030
01/04/2022, 17:43:22 - INFO - Server is running on port: 3030
01/04/2022, 17:45:11 - INFO - Server is running on port: 3030
01/04/2022, 17:46:01 - INFO - Server is running on port: 3030
01/04/2022, 17:47:10 - INFO - Server is running on port: 3030
01/04/2022, 17:49:46 - INFO - Server is running on port: 3030
01/04/2022, 19:13:10 - INFO - Server is running on port: 3030
01/04/2022, 19:13:40 - DEBUG - auth.service - login with username: rzshachar@gmail.com
01/04/2022, 19:13:40 - DEBUG - auth.service - login with username: guest@ca.com
01/04/2022, 19:13:41 - INFO - Req from: Guest
01/04/2022, 19:13:45 - INFO - Req from: Guest
01/04/2022, 19:13:51 - DEBUG - auth.service - login with username: guest@ca.com
01/04/2022, 19:13:52 - INFO - Req from: Guest
01/04/2022, 19:13:57 - INFO - Req from: Guest
01/04/2022, 19:14:55 - INFO - Server is running on port: 3030
01/04/2022, 19:17:23 - INFO - Server is running on port: 3030
01/04/2022, 19:18:15 - INFO - Server is running on port: 3030
01/04/2022, 19:24:42 - INFO - Server is running on port: 3030
01/04/2022, 19:25:11 - INFO - Server is running on port: 3030
01/04/2022, 19:33:20 - INFO - Server is running on port: 3030
01/04/2022, 21:01:05 - INFO - Server is running on port: 3030
01/04/2022, 21:56:29 - INFO - Server is running on port: 3030
01/04/2022, 22:38:46 - INFO - Server is running on port: 3030
02/04/2022, 10:27:26 - INFO - Server is running on port: 3030
02/04/2022, 10:42:47 - DEBUG - auth.service - login with username: guest@ca.com
02/04/2022, 10:42:48 - INFO - Req from: Guest
02/04/2022, 10:43:02 - INFO - Req from: Guest
02/04/2022, 11:11:04 - INFO - Req from: Guest
02/04/2022, 11:15:02 - INFO - Req from: Guest
02/04/2022, 11:16:06 - INFO - Req from: Guest
02/04/2022, 11:16:33 - INFO - Req from: Guest
02/04/2022, 11:17:49 - INFO - Req from: Guest
02/04/2022, 11:18:07 - INFO - Req from: Guest
02/04/2022, 11:19:27 - INFO - Req from: Guest
02/04/2022, 11:21:02 - INFO - Req from: Guest
02/04/2022, 11:24:43 - INFO - Req from: Guest
02/04/2022, 11:25:39 - INFO - Req from: Guest
02/04/2022, 11:25:58 - INFO - Req from: Guest
02/04/2022, 11:26:18 - INFO - Req from: Guest
02/04/2022, 11:26:41 - INFO - Req from: Guest
02/04/2022, 11:27:09 - INFO - Req from: Guest
02/04/2022, 11:31:30 - INFO - Req from: Guest
02/04/2022, 11:31:45 - INFO - Req from: Guest
02/04/2022, 11:35:45 - INFO - Req from: Guest
02/04/2022, 11:36:04 - INFO - Req from: Guest
02/04/2022, 11:36:57 - INFO - Req from: Guest
02/04/2022, 11:37:03 - INFO - Req from: Guest
02/04/2022, 11:37:18 - INFO - Req from: Guest
02/04/2022, 11:38:36 - INFO - Req from: Guest
02/04/2022, 11:39:25 - INFO - Req from: Guest
02/04/2022, 11:39:30 - INFO - Req from: Guest
02/04/2022, 11:40:16 - INFO - Req from: Guest
02/04/2022, 11:40:37 - INFO - Req from: Guest
02/04/2022, 11:40:41 - INFO - Req from: Guest
02/04/2022, 11:45:20 - INFO - Req from: Guest
02/04/2022, 11:46:37 - INFO - Req from: Guest
02/04/2022, 11:46:55 - INFO - Req from: Guest
02/04/2022, 11:47:22 - INFO - Req from: Guest
02/04/2022, 11:47:47 - INFO - Req from: Guest
02/04/2022, 11:47:56 - INFO - Req from: Guest
02/04/2022, 11:49:10 - INFO - Req from: Guest
02/04/2022, 11:50:01 - INFO - Req from: Guest
02/04/2022, 11:51:32 - INFO - Req from: Guest
02/04/2022, 11:51:49 - INFO - Req from: Guest
02/04/2022, 11:57:21 - INFO - Req from: Guest
02/04/2022, 11:58:53 - INFO - Req from: Guest
02/04/2022, 11:59:07 - INFO - Req from: Guest
02/04/2022, 12:11:21 - INFO - Req from: Guest
02/04/2022, 12:13:29 - INFO - Req from: Guest
02/04/2022, 12:16:02 - INFO - Server is running on port: 3030
02/04/2022, 12:36:56 - INFO - Server is running on port: 3030
02/04/2022, 14:27:01 - INFO - Server is running on port: 3030
02/04/2022, 14:32:05 - INFO - Server is running on port: 3030
02/04/2022, 14:46:46 - INFO - Server is running on port: 3030
02/04/2022, 14:52:11 - DEBUG - auth.service - login with username: rzshachar@gmail.com
02/04/2022, 14:52:16 - INFO - Req from: Shachar Ron Zohar
02/04/2022, 14:52:23 - DEBUG - auth.service - login with username: guest@ca.com
02/04/2022, 14:52:24 - INFO - Req from: Guest
02/04/2022, 14:52:42 - INFO - Req from: Guest
02/04/2022, 14:54:40 - INFO - Req from: Shachar Ron Zohar
02/04/2022, 14:54:42 - INFO - Req from: Guest
02/04/2022, 14:55:19 - INFO - Req from: Shachar Ron Zohar
02/04/2022, 14:55:22 - INFO - Req from: Guest
02/04/2022, 14:55:27 - INFO - Req from: Shachar Ron Zohar
02/04/2022, 14:55:37 - INFO - Req from: Shachar Ron Zohar
02/04/2022, 14:56:40 - INFO - Server is running on port: 3030
